2017-06-13 20:02:39 INFO  netcracker.wallpaperstock.ermolaxe.Application:48 method: logStarting - Starting Application on Hobbit-PC with PID 6116 (D:\ermolaxe\IdeaProjects\homedev.spring\WallpaperStock\target\classes started by Александр in D:\ermolaxe\IdeaProjects\homedev.spring\WallpaperStock)
2017-06-13 20:02:39 INFO  netcracker.wallpaperstock.ermolaxe.Application:661 method: logStartupProfileInfo - No active profile set, falling back to default profiles: default
2017-06-13 20:02:39 INFO  springframework.boot.context.embedded.AnnotationConfigEmbeddedWebApplicationContext:582 method: prepareRefresh - Refreshing org.springframework.boot.context.embedded.AnnotationConfigEmbeddedWebApplicationContext@23986957: startup date [Tue Jun 13 20:02:39 GMT+04:00 2017]; root of context hierarchy
2017-06-13 20:02:39 INFO  hibernate.validator.internal.util.Version:30 method: <clinit> - HV000001: Hibernate Validator 5.2.4.Final
2017-06-13 20:02:41 INFO  boot.context.embedded.tomcat.TomcatEmbeddedServletContainer:87 method: initialize - Tomcat initialized with port(s): 8080 (http)
2017-06-13 20:02:41 INFO  org.springframework.web.context.ContextLoader:276 method: prepareEmbeddedWebApplicationContext - Root WebApplicationContext: initialization completed in 2136 ms
2017-06-13 20:02:41 INFO  springframework.boot.web.servlet.ServletRegistrationBean:190 method: onStartup - Mapping servlet: 'dispatcherServlet' to [/]
2017-06-13 20:02:41 INFO  springframework.boot.web.servlet.FilterRegistrationBean:258 method: configure - Mapping filter: 'characterEncodingFilter' to: [/*]
2017-06-13 20:02:41 INFO  springframework.boot.web.servlet.FilterRegistrationBean:258 method: configure - Mapping filter: 'hiddenHttpMethodFilter' to: [/*]
2017-06-13 20:02:41 INFO  springframework.boot.web.servlet.FilterRegistrationBean:258 method: configure - Mapping filter: 'httpPutFormContentFilter' to: [/*]
2017-06-13 20:02:41 INFO  springframework.boot.web.servlet.FilterRegistrationBean:258 method: configure - Mapping filter: 'requestContextFilter' to: [/*]
2017-06-13 20:02:41 INFO  servlet.mvc.method.annotation.RequestMappingHandlerAdapter:534 method: initControllerAdviceCache - Looking for @ControllerAdvice: org.springframework.boot.context.embedded.AnnotationConfigEmbeddedWebApplicationContext@23986957: startup date [Tue Jun 13 20:02:39 GMT+04:00 2017]; root of context hierarchy
2017-06-13 20:02:41 INFO  servlet.mvc.method.annotation.RequestMappingHandlerMapping:543 method: register - Mapped "{[/unsplash],methods=[GET]}" onto public java.util.List<netcracker.wallpaperstock.ermolaxe.model.Image> netcracker.wallpaperstock.ermolaxe.controller.RestController.getUnsplashImage()
2017-06-13 20:02:41 INFO  servlet.mvc.method.annotation.RequestMappingHandlerMapping:543 method: register - Mapped "{[/pixabay],methods=[GET]}" onto public java.util.List<netcracker.wallpaperstock.ermolaxe.model.Image> netcracker.wallpaperstock.ermolaxe.controller.RestController.getPixabayImage()
2017-06-13 20:02:41 INFO  servlet.mvc.method.annotation.RequestMappingHandlerMapping:543 method: register - Mapped "{[/error]}" onto public org.springframework.http.ResponseEntity<java.util.Map<java.lang.String, java.lang.Object>> org.springframework.boot.autoconfigure.web.BasicErrorController.error(javax.servlet.http.HttpServletRequest)
2017-06-13 20:02:41 INFO  servlet.mvc.method.annotation.RequestMappingHandlerMapping:543 method: register - Mapped "{[/error],produces=[text/html]}" onto public org.springframework.web.servlet.ModelAndView org.springframework.boot.autoconfigure.web.BasicErrorController.errorHtml(javax.servlet.http.HttpServletRequest,javax.servlet.http.HttpServletResponse)
2017-06-13 20:02:41 INFO  springframework.web.servlet.handler.SimpleUrlHandlerMapping:354 method: registerHandler - Mapped URL path [/webjars/**] onto handler of type [class org.springframework.web.servlet.resource.ResourceHttpRequestHandler]
2017-06-13 20:02:41 INFO  springframework.web.servlet.handler.SimpleUrlHandlerMapping:354 method: registerHandler - Mapped URL path [/**] onto handler of type [class org.springframework.web.servlet.resource.ResourceHttpRequestHandler]
2017-06-13 20:02:41 INFO  springframework.web.servlet.handler.SimpleUrlHandlerMapping:354 method: registerHandler - Mapped URL path [/**/favicon.ico] onto handler of type [class org.springframework.web.servlet.resource.ResourceHttpRequestHandler]
2017-06-13 20:02:41 INFO  springframework.jmx.export.annotation.AnnotationMBeanExporter:431 method: afterSingletonsInstantiated - Registering beans for JMX exposure on startup
2017-06-13 20:02:42 INFO  boot.context.embedded.tomcat.TomcatEmbeddedServletContainer:185 method: start - Tomcat started on port(s): 8080 (http)
2017-06-13 20:02:42 INFO  netcracker.wallpaperstock.ermolaxe.Application:57 method: logStarted - Started Application in 3.377 seconds (JVM running for 3.794)
2017-06-13 20:03:04 INFO  org.springframework.web.servlet.DispatcherServlet:489 method: initServletBean - FrameworkServlet 'dispatcherServlet': initialization started
2017-06-13 20:03:04 INFO  org.springframework.web.servlet.DispatcherServlet:508 method: initServletBean - FrameworkServlet 'dispatcherServlet': initialization completed in 13 ms
2017-06-13 20:04:26 INFO  netcracker.wallpaperstock.ermolaxe.Application:48 method: logStarting - Starting Application on Hobbit-PC with PID 5536 (D:\ermolaxe\IdeaProjects\homedev.spring\WallpaperStock\target\classes started by Александр in D:\ermolaxe\IdeaProjects\homedev.spring\WallpaperStock)
2017-06-13 20:04:26 INFO  netcracker.wallpaperstock.ermolaxe.Application:661 method: logStartupProfileInfo - No active profile set, falling back to default profiles: default
2017-06-13 20:04:26 INFO  springframework.boot.context.embedded.AnnotationConfigEmbeddedWebApplicationContext:582 method: prepareRefresh - Refreshing org.springframework.boot.context.embedded.AnnotationConfigEmbeddedWebApplicationContext@23986957: startup date [Tue Jun 13 20:04:26 GMT+04:00 2017]; root of context hierarchy
2017-06-13 20:04:27 INFO  hibernate.validator.internal.util.Version:30 method: <clinit> - HV000001: Hibernate Validator 5.2.4.Final
2017-06-13 20:04:28 INFO  boot.context.embedded.tomcat.TomcatEmbeddedServletContainer:87 method: initialize - Tomcat initialized with port(s): 8080 (http)
2017-06-13 20:04:28 INFO  org.springframework.web.context.ContextLoader:276 method: prepareEmbeddedWebApplicationContext - Root WebApplicationContext: initialization completed in 2296 ms
2017-06-13 20:04:29 INFO  springframework.boot.web.servlet.ServletRegistrationBean:190 method: onStartup - Mapping servlet: 'dispatcherServlet' to [/]
2017-06-13 20:04:29 INFO  springframework.boot.web.servlet.FilterRegistrationBean:258 method: configure - Mapping filter: 'characterEncodingFilter' to: [/*]
2017-06-13 20:04:29 INFO  springframework.boot.web.servlet.FilterRegistrationBean:258 method: configure - Mapping filter: 'hiddenHttpMethodFilter' to: [/*]
2017-06-13 20:04:29 INFO  springframework.boot.web.servlet.FilterRegistrationBean:258 method: configure - Mapping filter: 'httpPutFormContentFilter' to: [/*]
2017-06-13 20:04:29 INFO  springframework.boot.web.servlet.FilterRegistrationBean:258 method: configure - Mapping filter: 'requestContextFilter' to: [/*]
2017-06-13 20:04:29 INFO  servlet.mvc.method.annotation.RequestMappingHandlerAdapter:534 method: initControllerAdviceCache - Looking for @ControllerAdvice: org.springframework.boot.context.embedded.AnnotationConfigEmbeddedWebApplicationContext@23986957: startup date [Tue Jun 13 20:04:26 GMT+04:00 2017]; root of context hierarchy
2017-06-13 20:04:29 INFO  servlet.mvc.method.annotation.RequestMappingHandlerMapping:543 method: register - Mapped "{[/pixabay],methods=[GET]}" onto public java.util.List<netcracker.wallpaperstock.ermolaxe.model.Image> netcracker.wallpaperstock.ermolaxe.controller.RestController.getPixabayImage()
2017-06-13 20:04:29 INFO  servlet.mvc.method.annotation.RequestMappingHandlerMapping:543 method: register - Mapped "{[/unsplash],methods=[GET]}" onto public java.util.List<netcracker.wallpaperstock.ermolaxe.model.Image> netcracker.wallpaperstock.ermolaxe.controller.RestController.getUnsplashImage()
2017-06-13 20:04:29 INFO  servlet.mvc.method.annotation.RequestMappingHandlerMapping:543 method: register - Mapped "{[/error]}" onto public org.springframework.http.ResponseEntity<java.util.Map<java.lang.String, java.lang.Object>> org.springframework.boot.autoconfigure.web.BasicErrorController.error(javax.servlet.http.HttpServletRequest)
2017-06-13 20:04:29 INFO  servlet.mvc.method.annotation.RequestMappingHandlerMapping:543 method: register - Mapped "{[/error],produces=[text/html]}" onto public org.springframework.web.servlet.ModelAndView org.springframework.boot.autoconfigure.web.BasicErrorController.errorHtml(javax.servlet.http.HttpServletRequest,javax.servlet.http.HttpServletResponse)
2017-06-13 20:04:29 INFO  springframework.web.servlet.handler.SimpleUrlHandlerMapping:354 method: registerHandler - Mapped URL path [/webjars/**] onto handler of type [class org.springframework.web.servlet.resource.ResourceHttpRequestHandler]
2017-06-13 20:04:29 INFO  springframework.web.servlet.handler.SimpleUrlHandlerMapping:354 method: registerHandler - Mapped URL path [/**] onto handler of type [class org.springframework.web.servlet.resource.ResourceHttpRequestHandler]
2017-06-13 20:04:29 INFO  springframework.web.servlet.handler.SimpleUrlHandlerMapping:354 method: registerHandler - Mapped URL path [/**/favicon.ico] onto handler of type [class org.springframework.web.servlet.resource.ResourceHttpRequestHandler]
2017-06-13 20:04:29 INFO  springframework.jmx.export.annotation.AnnotationMBeanExporter:431 method: afterSingletonsInstantiated - Registering beans for JMX exposure on startup
2017-06-13 20:04:29 INFO  boot.context.embedded.tomcat.TomcatEmbeddedServletContainer:185 method: start - Tomcat started on port(s): 8080 (http)
2017-06-13 20:04:29 INFO  netcracker.wallpaperstock.ermolaxe.Application:57 method: logStarted - Started Application in 3.945 seconds (JVM running for 4.468)
2017-06-13 20:04:32 INFO  org.springframework.web.servlet.DispatcherServlet:489 method: initServletBean - FrameworkServlet 'dispatcherServlet': initialization started
2017-06-13 20:04:32 INFO  org.springframework.web.servlet.DispatcherServlet:508 method: initServletBean - FrameworkServlet 'dispatcherServlet': initialization completed in 14 ms
2017-06-13 20:37:37 INFO  netcracker.wallpaperstock.ermolaxe.Application:48 method: logStarting - Starting Application on Hobbit-PC with PID 4844 (D:\ermolaxe\IdeaProjects\homedev.spring\WallpaperStock\target\classes started by Александр in D:\ermolaxe\IdeaProjects\homedev.spring\WallpaperStock)
2017-06-13 20:37:37 INFO  netcracker.wallpaperstock.ermolaxe.Application:661 method: logStartupProfileInfo - No active profile set, falling back to default profiles: default
2017-06-13 20:37:37 INFO  springframework.boot.context.embedded.AnnotationConfigEmbeddedWebApplicationContext:582 method: prepareRefresh - Refreshing org.springframework.boot.context.embedded.AnnotationConfigEmbeddedWebApplicationContext@23986957: startup date [Tue Jun 13 20:37:37 GMT+04:00 2017]; root of context hierarchy
2017-06-13 20:37:39 INFO  hibernate.validator.internal.util.Version:30 method: <clinit> - HV000001: Hibernate Validator 5.2.4.Final
2017-06-13 20:37:40 INFO  boot.context.embedded.tomcat.TomcatEmbeddedServletContainer:87 method: initialize - Tomcat initialized with port(s): 8080 (http)
2017-06-13 20:37:41 INFO  org.springframework.web.context.ContextLoader:276 method: prepareEmbeddedWebApplicationContext - Root WebApplicationContext: initialization completed in 3321 ms
2017-06-13 20:37:41 INFO  springframework.boot.web.servlet.ServletRegistrationBean:190 method: onStartup - Mapping servlet: 'dispatcherServlet' to [/]
2017-06-13 20:37:41 INFO  springframework.boot.web.servlet.FilterRegistrationBean:258 method: configure - Mapping filter: 'characterEncodingFilter' to: [/*]
2017-06-13 20:37:41 INFO  springframework.boot.web.servlet.FilterRegistrationBean:258 method: configure - Mapping filter: 'hiddenHttpMethodFilter' to: [/*]
2017-06-13 20:37:41 INFO  springframework.boot.web.servlet.FilterRegistrationBean:258 method: configure - Mapping filter: 'httpPutFormContentFilter' to: [/*]
2017-06-13 20:37:41 INFO  springframework.boot.web.servlet.FilterRegistrationBean:258 method: configure - Mapping filter: 'requestContextFilter' to: [/*]
2017-06-13 20:37:41 INFO  servlet.mvc.method.annotation.RequestMappingHandlerAdapter:534 method: initControllerAdviceCache - Looking for @ControllerAdvice: org.springframework.boot.context.embedded.AnnotationConfigEmbeddedWebApplicationContext@23986957: startup date [Tue Jun 13 20:37:37 GMT+04:00 2017]; root of context hierarchy
2017-06-13 20:37:41 INFO  servlet.mvc.method.annotation.RequestMappingHandlerMapping:543 method: register - Mapped "{[/unsplash],methods=[GET]}" onto public java.util.List<netcracker.wallpaperstock.ermolaxe.model.Image> netcracker.wallpaperstock.ermolaxe.controller.RestController.getUnsplashImage()
2017-06-13 20:37:41 INFO  servlet.mvc.method.annotation.RequestMappingHandlerMapping:543 method: register - Mapped "{[/pixabay],methods=[GET]}" onto public java.util.List<netcracker.wallpaperstock.ermolaxe.model.Image> netcracker.wallpaperstock.ermolaxe.controller.RestController.getPixabayImage()
2017-06-13 20:37:41 INFO  servlet.mvc.method.annotation.RequestMappingHandlerMapping:543 method: register - Mapped "{[/error]}" onto public org.springframework.http.ResponseEntity<java.util.Map<java.lang.String, java.lang.Object>> org.springframework.boot.autoconfigure.web.BasicErrorController.error(javax.servlet.http.HttpServletRequest)
2017-06-13 20:37:41 INFO  servlet.mvc.method.annotation.RequestMappingHandlerMapping:543 method: register - Mapped "{[/error],produces=[text/html]}" onto public org.springframework.web.servlet.ModelAndView org.springframework.boot.autoconfigure.web.BasicErrorController.errorHtml(javax.servlet.http.HttpServletRequest,javax.servlet.http.HttpServletResponse)
2017-06-13 20:37:41 INFO  springframework.web.servlet.handler.SimpleUrlHandlerMapping:354 method: registerHandler - Mapped URL path [/webjars/**] onto handler of type [class org.springframework.web.servlet.resource.ResourceHttpRequestHandler]
2017-06-13 20:37:41 INFO  springframework.web.servlet.handler.SimpleUrlHandlerMapping:354 method: registerHandler - Mapped URL path [/**] onto handler of type [class org.springframework.web.servlet.resource.ResourceHttpRequestHandler]
2017-06-13 20:37:41 INFO  springframework.web.servlet.handler.SimpleUrlHandlerMapping:354 method: registerHandler - Mapped URL path [/**/favicon.ico] onto handler of type [class org.springframework.web.servlet.resource.ResourceHttpRequestHandler]
2017-06-13 20:37:41 INFO  springframework.jmx.export.annotation.AnnotationMBeanExporter:431 method: afterSingletonsInstantiated - Registering beans for JMX exposure on startup
2017-06-13 20:37:41 INFO  boot.context.embedded.tomcat.TomcatEmbeddedServletContainer:185 method: start - Tomcat started on port(s): 8080 (http)
2017-06-13 20:37:41 INFO  netcracker.wallpaperstock.ermolaxe.Application:57 method: logStarted - Started Application in 5.041 seconds (JVM running for 6.658)
2017-06-13 20:37:47 INFO  org.springframework.web.servlet.DispatcherServlet:489 method: initServletBean - FrameworkServlet 'dispatcherServlet': initialization started
2017-06-13 20:37:47 INFO  org.springframework.web.servlet.DispatcherServlet:508 method: initServletBean - FrameworkServlet 'dispatcherServlet': initialization completed in 12 ms
2017-06-13 20:37:47 INFO  wallpaperstock.ermolaxe.service.impl.UnsplashDaoImpl:34 method: getImageList - WallpaperStock: User requested a list of new photos from Unsplash service.
2017-06-13 20:37:50 INFO  netcracker.wallpaperstock.ermolaxe.utils.ImageConverter:35 method: convertImageFromUnsplash - WallpaperStock: Convert from UnsplashImage class to default Image class.
2017-06-13 20:37:50 INFO  wallpaperstock.ermolaxe.service.impl.UnsplashDaoImpl:42 method: getImageList - WallpaperStock: The list of photos has been successfully received from Unsplash.
2017-06-13 20:59:49 INFO  netcracker.wallpaperstock.ermolaxe.Application:48 method: logStarting - Starting Application on Hobbit-PC with PID 4180 (D:\ermolaxe\IdeaProjects\homedev.spring\WallpaperStock\target\classes started by Александр in D:\ermolaxe\IdeaProjects\homedev.spring\WallpaperStock)
2017-06-13 20:59:49 INFO  netcracker.wallpaperstock.ermolaxe.Application:661 method: logStartupProfileInfo - No active profile set, falling back to default profiles: default
2017-06-13 20:59:49 INFO  springframework.boot.context.embedded.AnnotationConfigEmbeddedWebApplicationContext:582 method: prepareRefresh - Refreshing org.springframework.boot.context.embedded.AnnotationConfigEmbeddedWebApplicationContext@23986957: startup date [Tue Jun 13 20:59:49 GMT+04:00 2017]; root of context hierarchy
2017-06-13 20:59:49 INFO  hibernate.validator.internal.util.Version:30 method: <clinit> - HV000001: Hibernate Validator 5.2.4.Final
2017-06-13 20:59:51 INFO  boot.context.embedded.tomcat.TomcatEmbeddedServletContainer:87 method: initialize - Tomcat initialized with port(s): 8080 (http)
2017-06-13 20:59:51 INFO  org.springframework.web.context.ContextLoader:276 method: prepareEmbeddedWebApplicationContext - Root WebApplicationContext: initialization completed in 2020 ms
2017-06-13 20:59:51 INFO  springframework.boot.web.servlet.ServletRegistrationBean:190 method: onStartup - Mapping servlet: 'dispatcherServlet' to [/]
2017-06-13 20:59:51 INFO  springframework.boot.web.servlet.FilterRegistrationBean:258 method: configure - Mapping filter: 'characterEncodingFilter' to: [/*]
2017-06-13 20:59:51 INFO  springframework.boot.web.servlet.FilterRegistrationBean:258 method: configure - Mapping filter: 'hiddenHttpMethodFilter' to: [/*]
2017-06-13 20:59:51 INFO  springframework.boot.web.servlet.FilterRegistrationBean:258 method: configure - Mapping filter: 'httpPutFormContentFilter' to: [/*]
2017-06-13 20:59:51 INFO  springframework.boot.web.servlet.FilterRegistrationBean:258 method: configure - Mapping filter: 'requestContextFilter' to: [/*]
2017-06-13 20:59:51 INFO  servlet.mvc.method.annotation.RequestMappingHandlerAdapter:534 method: initControllerAdviceCache - Looking for @ControllerAdvice: org.springframework.boot.context.embedded.AnnotationConfigEmbeddedWebApplicationContext@23986957: startup date [Tue Jun 13 20:59:49 GMT+04:00 2017]; root of context hierarchy
2017-06-13 20:59:52 INFO  servlet.mvc.method.annotation.RequestMappingHandlerMapping:543 method: register - Mapped "{[/unsplash],methods=[GET]}" onto public java.util.List<netcracker.wallpaperstock.ermolaxe.model.Image> netcracker.wallpaperstock.ermolaxe.controller.RestController.getUnsplashImage()
2017-06-13 20:59:52 INFO  servlet.mvc.method.annotation.RequestMappingHandlerMapping:543 method: register - Mapped "{[/pixabay],methods=[GET]}" onto public java.util.List<netcracker.wallpaperstock.ermolaxe.model.Image> netcracker.wallpaperstock.ermolaxe.controller.RestController.getPixabayImage()
2017-06-13 20:59:52 INFO  servlet.mvc.method.annotation.RequestMappingHandlerMapping:543 method: register - Mapped "{[/error]}" onto public org.springframework.http.ResponseEntity<java.util.Map<java.lang.String, java.lang.Object>> org.springframework.boot.autoconfigure.web.BasicErrorController.error(javax.servlet.http.HttpServletRequest)
2017-06-13 20:59:52 INFO  servlet.mvc.method.annotation.RequestMappingHandlerMapping:543 method: register - Mapped "{[/error],produces=[text/html]}" onto public org.springframework.web.servlet.ModelAndView org.springframework.boot.autoconfigure.web.BasicErrorController.errorHtml(javax.servlet.http.HttpServletRequest,javax.servlet.http.HttpServletResponse)
2017-06-13 20:59:52 INFO  springframework.web.servlet.handler.SimpleUrlHandlerMapping:354 method: registerHandler - Mapped URL path [/webjars/**] onto handler of type [class org.springframework.web.servlet.resource.ResourceHttpRequestHandler]
2017-06-13 20:59:52 INFO  springframework.web.servlet.handler.SimpleUrlHandlerMapping:354 method: registerHandler - Mapped URL path [/**] onto handler of type [class org.springframework.web.servlet.resource.ResourceHttpRequestHandler]
2017-06-13 20:59:52 INFO  springframework.web.servlet.handler.SimpleUrlHandlerMapping:354 method: registerHandler - Mapped URL path [/**/favicon.ico] onto handler of type [class org.springframework.web.servlet.resource.ResourceHttpRequestHandler]
2017-06-13 20:59:52 INFO  springframework.jmx.export.annotation.AnnotationMBeanExporter:431 method: afterSingletonsInstantiated - Registering beans for JMX exposure on startup
2017-06-13 20:59:52 INFO  boot.context.embedded.tomcat.TomcatEmbeddedServletContainer:185 method: start - Tomcat started on port(s): 8080 (http)
2017-06-13 20:59:52 INFO  netcracker.wallpaperstock.ermolaxe.Application:57 method: logStarted - Started Application in 3.527 seconds (JVM running for 3.941)
2017-06-13 20:59:56 INFO  org.springframework.web.servlet.DispatcherServlet:489 method: initServletBean - FrameworkServlet 'dispatcherServlet': initialization started
2017-06-13 20:59:56 INFO  org.springframework.web.servlet.DispatcherServlet:508 method: initServletBean - FrameworkServlet 'dispatcherServlet': initialization completed in 15 ms
2017-06-13 20:59:56 INFO  wallpaperstock.ermolaxe.service.impl.UnsplashDaoImpl:34 method: getImageList - WallpaperStock: User requested a list of new photos from Unsplash service.
2017-06-13 20:59:58 INFO  netcracker.wallpaperstock.ermolaxe.utils.ImageConverter:37 method: convertImageFromUnsplash - WallpaperStock: Convert from UnsplashImage class to default Image class.
2017-06-13 20:59:58 INFO  wallpaperstock.ermolaxe.service.impl.UnsplashDaoImpl:42 method: getImageList - WallpaperStock: The list of photos has been successfully received from Unsplash.
