2017-06-18 14:00:29 INFO  netcracker.wallpaperstock.ermolaxe.Application:48 method: logStarting - Starting Application on Hobbit-PC with PID 5616 (D:\ermolaxe\IdeaProjects\homedev.spring\WallpaperStock\target\classes started by Александр in D:\ermolaxe\IdeaProjects\homedev.spring\WallpaperStock)
2017-06-18 14:00:29 INFO  netcracker.wallpaperstock.ermolaxe.Application:661 method: logStartupProfileInfo - No active profile set, falling back to default profiles: default
2017-06-18 14:00:29 INFO  springframework.boot.context.embedded.AnnotationConfigEmbeddedWebApplicationContext:582 method: prepareRefresh - Refreshing org.springframework.boot.context.embedded.AnnotationConfigEmbeddedWebApplicationContext@358ee631: startup date [Sun Jun 18 14:00:29 GMT+04:00 2017]; root of context hierarchy
2017-06-18 14:00:30 INFO  hibernate.validator.internal.util.Version:30 method: <clinit> - HV000001: Hibernate Validator 5.2.4.Final
2017-06-18 14:00:33 INFO  boot.context.embedded.tomcat.TomcatEmbeddedServletContainer:87 method: initialize - Tomcat initialized with port(s): 8080 (http)
2017-06-18 14:00:34 INFO  org.springframework.web.context.ContextLoader:276 method: prepareEmbeddedWebApplicationContext - Root WebApplicationContext: initialization completed in 5102 ms
2017-06-18 14:00:34 INFO  springframework.boot.web.servlet.ServletRegistrationBean:190 method: onStartup - Mapping servlet: 'dispatcherServlet' to [/]
2017-06-18 14:00:34 INFO  springframework.boot.web.servlet.FilterRegistrationBean:258 method: configure - Mapping filter: 'characterEncodingFilter' to: [/*]
2017-06-18 14:00:34 INFO  springframework.boot.web.servlet.FilterRegistrationBean:258 method: configure - Mapping filter: 'hiddenHttpMethodFilter' to: [/*]
2017-06-18 14:00:34 INFO  springframework.boot.web.servlet.FilterRegistrationBean:258 method: configure - Mapping filter: 'httpPutFormContentFilter' to: [/*]
2017-06-18 14:00:34 INFO  springframework.boot.web.servlet.FilterRegistrationBean:258 method: configure - Mapping filter: 'requestContextFilter' to: [/*]
2017-06-18 14:00:35 INFO  servlet.mvc.method.annotation.RequestMappingHandlerMapping:543 method: register - Mapped "{[/pixabay/findbytag],methods=[GET]}" onto public java.util.List<netcracker.wallpaperstock.ermolaxe.model.Image> netcracker.wallpaperstock.ermolaxe.controller.RestController.getPixabayImageByTag(java.lang.String)
2017-06-18 14:00:35 INFO  servlet.mvc.method.annotation.RequestMappingHandlerMapping:543 method: register - Mapped "{[/photos],methods=[GET]}" onto private java.util.List<netcracker.wallpaperstock.ermolaxe.model.Image> netcracker.wallpaperstock.ermolaxe.controller.RestController.getPhotots()
2017-06-18 14:00:35 INFO  servlet.mvc.method.annotation.RequestMappingHandlerMapping:543 method: register - Mapped "{[/photosbytag],methods=[GET]}" onto private java.util.List<netcracker.wallpaperstock.ermolaxe.model.Image> netcracker.wallpaperstock.ermolaxe.controller.RestController.getByTag(java.lang.String)
2017-06-18 14:00:35 INFO  servlet.mvc.method.annotation.RequestMappingHandlerMapping:543 method: register - Mapped "{[/pixabay],methods=[GET]}" onto public java.util.List<netcracker.wallpaperstock.ermolaxe.model.Image> netcracker.wallpaperstock.ermolaxe.controller.RestController.getPixabayImage()
2017-06-18 14:00:35 INFO  servlet.mvc.method.annotation.RequestMappingHandlerMapping:543 method: register - Mapped "{[/unsplash],methods=[GET]}" onto public java.util.List<netcracker.wallpaperstock.ermolaxe.model.Image> netcracker.wallpaperstock.ermolaxe.controller.RestController.getUnsplashImage()
2017-06-18 14:00:35 INFO  servlet.mvc.method.annotation.RequestMappingHandlerMapping:543 method: register - Mapped "{[/v2/api-docs],methods=[GET],produces=[application/json || application/hal+json]}" onto public org.springframework.http.ResponseEntity<springfox.documentation.spring.web.json.Json> springfox.documentation.swagger2.web.Swagger2Controller.getDocumentation(java.lang.String,javax.servlet.http.HttpServletRequest)
2017-06-18 14:00:35 INFO  servlet.mvc.method.annotation.RequestMappingHandlerMapping:543 method: register - Mapped "{[/swagger-resources/configuration/security]}" onto org.springframework.http.ResponseEntity<springfox.documentation.swagger.web.SecurityConfiguration> springfox.documentation.swagger.web.ApiResourceController.securityConfiguration()
2017-06-18 14:00:35 INFO  servlet.mvc.method.annotation.RequestMappingHandlerMapping:543 method: register - Mapped "{[/swagger-resources]}" onto org.springframework.http.ResponseEntity<java.util.List<springfox.documentation.swagger.web.SwaggerResource>> springfox.documentation.swagger.web.ApiResourceController.swaggerResources()
2017-06-18 14:00:35 INFO  servlet.mvc.method.annotation.RequestMappingHandlerMapping:543 method: register - Mapped "{[/swagger-resources/configuration/ui]}" onto org.springframework.http.ResponseEntity<springfox.documentation.swagger.web.UiConfiguration> springfox.documentation.swagger.web.ApiResourceController.uiConfiguration()
2017-06-18 14:00:35 INFO  servlet.mvc.method.annotation.RequestMappingHandlerMapping:543 method: register - Mapped "{[/error]}" onto public org.springframework.http.ResponseEntity<java.util.Map<java.lang.String, java.lang.Object>> org.springframework.boot.autoconfigure.web.BasicErrorController.error(javax.servlet.http.HttpServletRequest)
2017-06-18 14:00:35 INFO  servlet.mvc.method.annotation.RequestMappingHandlerMapping:543 method: register - Mapped "{[/error],produces=[text/html]}" onto public org.springframework.web.servlet.ModelAndView org.springframework.boot.autoconfigure.web.BasicErrorController.errorHtml(javax.servlet.http.HttpServletRequest,javax.servlet.http.HttpServletResponse)
2017-06-18 14:00:35 INFO  servlet.mvc.method.annotation.RequestMappingHandlerAdapter:534 method: initControllerAdviceCache - Looking for @ControllerAdvice: org.springframework.boot.context.embedded.AnnotationConfigEmbeddedWebApplicationContext@358ee631: startup date [Sun Jun 18 14:00:29 GMT+04:00 2017]; root of context hierarchy
2017-06-18 14:00:35 INFO  springframework.web.servlet.handler.SimpleUrlHandlerMapping:354 method: registerHandler - Mapped URL path [/webjars/**] onto handler of type [class org.springframework.web.servlet.resource.ResourceHttpRequestHandler]
2017-06-18 14:00:35 INFO  springframework.web.servlet.handler.SimpleUrlHandlerMapping:354 method: registerHandler - Mapped URL path [/**] onto handler of type [class org.springframework.web.servlet.resource.ResourceHttpRequestHandler]
2017-06-18 14:00:35 INFO  springframework.web.servlet.handler.SimpleUrlHandlerMapping:354 method: registerHandler - Mapped URL path [/**/favicon.ico] onto handler of type [class org.springframework.web.servlet.resource.ResourceHttpRequestHandler]
2017-06-18 14:00:36 INFO  springframework.jmx.export.annotation.AnnotationMBeanExporter:431 method: afterSingletonsInstantiated - Registering beans for JMX exposure on startup
2017-06-18 14:00:36 INFO  org.springframework.context.support.DefaultLifecycleProcessor:341 method: start - Starting beans in phase 2147483647
2017-06-18 14:00:36 INFO  documentation.spring.web.plugins.DocumentationPluginsBootstrapper:120 method: start - Context refreshed
2017-06-18 14:00:36 INFO  documentation.spring.web.plugins.DocumentationPluginsBootstrapper:123 method: start - Found 1 custom documentation plugin(s)
2017-06-18 14:00:36 INFO  documentation.spring.web.scanners.ApiListingReferenceScanner:41 method: scan - Scanning for api listing references
2017-06-18 14:00:36 INFO  org.springframework.scheduling.annotation.ScheduledAnnotationBeanPostProcessor:245 method: finishRegistration - No TaskScheduler/ScheduledExecutorService bean found for scheduled processing
2017-06-18 14:00:36 INFO  boot.context.embedded.tomcat.TomcatEmbeddedServletContainer:185 method: start - Tomcat started on port(s): 8080 (http)
2017-06-18 14:00:36 INFO  netcracker.wallpaperstock.ermolaxe.Application:57 method: logStarted - Started Application in 8.753 seconds (JVM running for 12.129)
2017-06-18 14:02:34 INFO  org.springframework.web.servlet.DispatcherServlet:489 method: initServletBean - FrameworkServlet 'dispatcherServlet': initialization started
2017-06-18 14:02:34 INFO  org.springframework.web.servlet.DispatcherServlet:508 method: initServletBean - FrameworkServlet 'dispatcherServlet': initialization completed in 16 ms
2017-06-18 14:02:34 INFO  wallpaperstock.ermolaxe.service.impl.UnsplashDaoImpl:35 method: getImageList - WallpaperStock: User requested a list of new photos from Unsplash service.
2017-06-18 14:02:37 INFO  netcracker.wallpaperstock.ermolaxe.utils.ImageConverter:37 method: convertImageFromUnsplash - WallpaperStock: Convert from UnsplashImage class to default Image class.
2017-06-18 14:02:37 INFO  wallpaperstock.ermolaxe.service.impl.UnsplashDaoImpl:43 method: getImageList - WallpaperStock: The list of photos has been successfully received from Unsplash.
2017-06-18 14:02:37 INFO  wallpaperstock.ermolaxe.service.impl.PixabayDaoImpl:45 method: getImageList - WallpaperStock: User requested a list of new photos from Pixabay service.
2017-06-18 14:02:37 WARN  wallpaperstock.ermolaxe.service.impl.PixabayDaoImpl:49 method: getImageList - 0
2017-06-18 14:02:37 ERROR wallpaperstock.ermolaxe.service.impl.PixabayDaoImpl:71 method: getImageList - WallpaperStock: Something went wrong! With message: [sun.security.validator.ValidatorException: PKIX path building failed: sun.security.provider.certpath.SunCertPathBuilderException: unable to find valid certification path to requested target] and stacktrace [[Ljava.lang.StackTraceElement;@488126a9]
2017-06-18 14:07:19 INFO  netcracker.wallpaperstock.ermolaxe.Application:48 method: logStarting - Starting Application on Hobbit-PC with PID 4656 (D:\ermolaxe\IdeaProjects\homedev.spring\WallpaperStock\target\classes started by Александр in D:\ermolaxe\IdeaProjects\homedev.spring\WallpaperStock)
2017-06-18 14:07:19 INFO  netcracker.wallpaperstock.ermolaxe.Application:661 method: logStartupProfileInfo - No active profile set, falling back to default profiles: default
2017-06-18 14:07:19 INFO  springframework.boot.context.embedded.AnnotationConfigEmbeddedWebApplicationContext:582 method: prepareRefresh - Refreshing org.springframework.boot.context.embedded.AnnotationConfigEmbeddedWebApplicationContext@358ee631: startup date [Sun Jun 18 14:07:19 GMT+04:00 2017]; root of context hierarchy
2017-06-18 14:07:19 INFO  hibernate.validator.internal.util.Version:30 method: <clinit> - HV000001: Hibernate Validator 5.2.4.Final
2017-06-18 14:07:22 INFO  boot.context.embedded.tomcat.TomcatEmbeddedServletContainer:87 method: initialize - Tomcat initialized with port(s): 8080 (http)
2017-06-18 14:07:22 INFO  org.springframework.web.context.ContextLoader:276 method: prepareEmbeddedWebApplicationContext - Root WebApplicationContext: initialization completed in 2824 ms
2017-06-18 14:07:22 INFO  springframework.boot.web.servlet.ServletRegistrationBean:190 method: onStartup - Mapping servlet: 'dispatcherServlet' to [/]
2017-06-18 14:07:22 INFO  springframework.boot.web.servlet.FilterRegistrationBean:258 method: configure - Mapping filter: 'characterEncodingFilter' to: [/*]
2017-06-18 14:07:22 INFO  springframework.boot.web.servlet.FilterRegistrationBean:258 method: configure - Mapping filter: 'hiddenHttpMethodFilter' to: [/*]
2017-06-18 14:07:22 INFO  springframework.boot.web.servlet.FilterRegistrationBean:258 method: configure - Mapping filter: 'httpPutFormContentFilter' to: [/*]
2017-06-18 14:07:22 INFO  springframework.boot.web.servlet.FilterRegistrationBean:258 method: configure - Mapping filter: 'requestContextFilter' to: [/*]
2017-06-18 14:07:23 INFO  servlet.mvc.method.annotation.RequestMappingHandlerMapping:543 method: register - Mapped "{[/unsplash],methods=[GET]}" onto public java.util.List<netcracker.wallpaperstock.ermolaxe.model.Image> netcracker.wallpaperstock.ermolaxe.controller.RestController.getUnsplashImage()
2017-06-18 14:07:23 INFO  servlet.mvc.method.annotation.RequestMappingHandlerMapping:543 method: register - Mapped "{[/photosbytag],methods=[GET]}" onto private java.util.List<netcracker.wallpaperstock.ermolaxe.model.Image> netcracker.wallpaperstock.ermolaxe.controller.RestController.getByTag(java.lang.String)
2017-06-18 14:07:23 INFO  servlet.mvc.method.annotation.RequestMappingHandlerMapping:543 method: register - Mapped "{[/pixabay],methods=[GET]}" onto public java.util.List<netcracker.wallpaperstock.ermolaxe.model.Image> netcracker.wallpaperstock.ermolaxe.controller.RestController.getPixabayImage()
2017-06-18 14:07:23 INFO  servlet.mvc.method.annotation.RequestMappingHandlerMapping:543 method: register - Mapped "{[/photos],methods=[GET]}" onto private java.util.List<netcracker.wallpaperstock.ermolaxe.model.Image> netcracker.wallpaperstock.ermolaxe.controller.RestController.getPhotots()
2017-06-18 14:07:23 INFO  servlet.mvc.method.annotation.RequestMappingHandlerMapping:543 method: register - Mapped "{[/pixabay/findbytag],methods=[GET]}" onto public java.util.List<netcracker.wallpaperstock.ermolaxe.model.Image> netcracker.wallpaperstock.ermolaxe.controller.RestController.getPixabayImageByTag(java.lang.String)
2017-06-18 14:07:23 INFO  servlet.mvc.method.annotation.RequestMappingHandlerMapping:543 method: register - Mapped "{[/v2/api-docs],methods=[GET],produces=[application/json || application/hal+json]}" onto public org.springframework.http.ResponseEntity<springfox.documentation.spring.web.json.Json> springfox.documentation.swagger2.web.Swagger2Controller.getDocumentation(java.lang.String,javax.servlet.http.HttpServletRequest)
2017-06-18 14:07:23 INFO  servlet.mvc.method.annotation.RequestMappingHandlerMapping:543 method: register - Mapped "{[/swagger-resources]}" onto org.springframework.http.ResponseEntity<java.util.List<springfox.documentation.swagger.web.SwaggerResource>> springfox.documentation.swagger.web.ApiResourceController.swaggerResources()
2017-06-18 14:07:23 INFO  servlet.mvc.method.annotation.RequestMappingHandlerMapping:543 method: register - Mapped "{[/swagger-resources/configuration/ui]}" onto org.springframework.http.ResponseEntity<springfox.documentation.swagger.web.UiConfiguration> springfox.documentation.swagger.web.ApiResourceController.uiConfiguration()
2017-06-18 14:07:23 INFO  servlet.mvc.method.annotation.RequestMappingHandlerMapping:543 method: register - Mapped "{[/swagger-resources/configuration/security]}" onto org.springframework.http.ResponseEntity<springfox.documentation.swagger.web.SecurityConfiguration> springfox.documentation.swagger.web.ApiResourceController.securityConfiguration()
2017-06-18 14:07:23 INFO  servlet.mvc.method.annotation.RequestMappingHandlerMapping:543 method: register - Mapped "{[/error]}" onto public org.springframework.http.ResponseEntity<java.util.Map<java.lang.String, java.lang.Object>> org.springframework.boot.autoconfigure.web.BasicErrorController.error(javax.servlet.http.HttpServletRequest)
2017-06-18 14:07:23 INFO  servlet.mvc.method.annotation.RequestMappingHandlerMapping:543 method: register - Mapped "{[/error],produces=[text/html]}" onto public org.springframework.web.servlet.ModelAndView org.springframework.boot.autoconfigure.web.BasicErrorController.errorHtml(javax.servlet.http.HttpServletRequest,javax.servlet.http.HttpServletResponse)
2017-06-18 14:07:23 INFO  servlet.mvc.method.annotation.RequestMappingHandlerAdapter:534 method: initControllerAdviceCache - Looking for @ControllerAdvice: org.springframework.boot.context.embedded.AnnotationConfigEmbeddedWebApplicationContext@358ee631: startup date [Sun Jun 18 14:07:19 GMT+04:00 2017]; root of context hierarchy
2017-06-18 14:07:23 INFO  springframework.web.servlet.handler.SimpleUrlHandlerMapping:354 method: registerHandler - Mapped URL path [/webjars/**] onto handler of type [class org.springframework.web.servlet.resource.ResourceHttpRequestHandler]
2017-06-18 14:07:23 INFO  springframework.web.servlet.handler.SimpleUrlHandlerMapping:354 method: registerHandler - Mapped URL path [/**] onto handler of type [class org.springframework.web.servlet.resource.ResourceHttpRequestHandler]
2017-06-18 14:07:23 INFO  springframework.web.servlet.handler.SimpleUrlHandlerMapping:354 method: registerHandler - Mapped URL path [/**/favicon.ico] onto handler of type [class org.springframework.web.servlet.resource.ResourceHttpRequestHandler]
2017-06-18 14:07:24 INFO  springframework.jmx.export.annotation.AnnotationMBeanExporter:431 method: afterSingletonsInstantiated - Registering beans for JMX exposure on startup
2017-06-18 14:07:24 INFO  org.springframework.context.support.DefaultLifecycleProcessor:341 method: start - Starting beans in phase 2147483647
2017-06-18 14:07:24 INFO  documentation.spring.web.plugins.DocumentationPluginsBootstrapper:120 method: start - Context refreshed
2017-06-18 14:07:24 INFO  documentation.spring.web.plugins.DocumentationPluginsBootstrapper:123 method: start - Found 1 custom documentation plugin(s)
2017-06-18 14:07:24 INFO  documentation.spring.web.scanners.ApiListingReferenceScanner:41 method: scan - Scanning for api listing references
2017-06-18 14:07:24 INFO  org.springframework.scheduling.annotation.ScheduledAnnotationBeanPostProcessor:245 method: finishRegistration - No TaskScheduler/ScheduledExecutorService bean found for scheduled processing
2017-06-18 14:07:24 INFO  boot.context.embedded.tomcat.TomcatEmbeddedServletContainer:185 method: start - Tomcat started on port(s): 8080 (http)
2017-06-18 14:07:24 INFO  netcracker.wallpaperstock.ermolaxe.Application:57 method: logStarted - Started Application in 6.054 seconds (JVM running for 6.612)
2017-06-18 14:07:51 INFO  org.springframework.web.servlet.DispatcherServlet:489 method: initServletBean - FrameworkServlet 'dispatcherServlet': initialization started
2017-06-18 14:07:51 INFO  org.springframework.web.servlet.DispatcherServlet:508 method: initServletBean - FrameworkServlet 'dispatcherServlet': initialization completed in 16 ms
2017-06-18 14:07:51 INFO  wallpaperstock.ermolaxe.service.impl.UnsplashDaoImpl:35 method: getImageList - WallpaperStock: User requested a list of new photos from Unsplash service.
2017-06-18 14:07:52 INFO  netcracker.wallpaperstock.ermolaxe.utils.ImageConverter:37 method: convertImageFromUnsplash - WallpaperStock: Convert from UnsplashImage class to default Image class.
2017-06-18 14:07:52 INFO  wallpaperstock.ermolaxe.service.impl.UnsplashDaoImpl:43 method: getImageList - WallpaperStock: The list of photos has been successfully received from Unsplash.
