2017-06-14 02:36:00 INFO  netcracker.wallpaperstock.ermolaxe.Application:48 method: logStarting - Starting Application on Hobbit-PC with PID 2172 (D:\ermolaxe\IdeaProjects\homedev.spring\WallpaperStock\target\classes started by Александр in D:\ermolaxe\IdeaProjects\homedev.spring\WallpaperStock)
2017-06-14 02:36:00 INFO  netcracker.wallpaperstock.ermolaxe.Application:661 method: logStartupProfileInfo - No active profile set, falling back to default profiles: default
2017-06-14 02:36:00 INFO  springframework.boot.context.embedded.AnnotationConfigEmbeddedWebApplicationContext:582 method: prepareRefresh - Refreshing org.springframework.boot.context.embedded.AnnotationConfigEmbeddedWebApplicationContext@23986957: startup date [Wed Jun 14 02:36:00 GMT+04:00 2017]; root of context hierarchy
2017-06-14 02:36:01 INFO  hibernate.validator.internal.util.Version:30 method: <clinit> - HV000001: Hibernate Validator 5.2.4.Final
2017-06-14 02:36:04 INFO  boot.context.embedded.tomcat.TomcatEmbeddedServletContainer:87 method: initialize - Tomcat initialized with port(s): 8080 (http)
2017-06-14 02:36:04 INFO  org.springframework.web.context.ContextLoader:276 method: prepareEmbeddedWebApplicationContext - Root WebApplicationContext: initialization completed in 3698 ms
2017-06-14 02:36:04 INFO  springframework.boot.web.servlet.ServletRegistrationBean:190 method: onStartup - Mapping servlet: 'dispatcherServlet' to [/]
2017-06-14 02:36:04 INFO  springframework.boot.web.servlet.FilterRegistrationBean:258 method: configure - Mapping filter: 'characterEncodingFilter' to: [/*]
2017-06-14 02:36:04 INFO  springframework.boot.web.servlet.FilterRegistrationBean:258 method: configure - Mapping filter: 'hiddenHttpMethodFilter' to: [/*]
2017-06-14 02:36:04 INFO  springframework.boot.web.servlet.FilterRegistrationBean:258 method: configure - Mapping filter: 'httpPutFormContentFilter' to: [/*]
2017-06-14 02:36:04 INFO  springframework.boot.web.servlet.FilterRegistrationBean:258 method: configure - Mapping filter: 'requestContextFilter' to: [/*]
2017-06-14 02:36:04 ERROR netcracker.wallpaperstock.ermolaxe.utils.CategoryReaderFromFile:30 method: readCateforyFromFileToArray - WallpaperStock: File with path [D:\ermolaxe\IdeaProjects\homedev.spring\WallpaperStock\pixabayCategory.txt] isn't found.
2017-06-14 02:36:04 ERROR netcracker.wallpaperstock.ermolaxe.utils.CategoryReaderFromFile:30 method: readCateforyFromFileToArray - WallpaperStock: File with path [D:\ermolaxe\IdeaProjects\homedev.spring\WallpaperStock\pixabayCategory.txt] isn't found.
2017-06-14 02:36:05 INFO  servlet.mvc.method.annotation.RequestMappingHandlerAdapter:534 method: initControllerAdviceCache - Looking for @ControllerAdvice: org.springframework.boot.context.embedded.AnnotationConfigEmbeddedWebApplicationContext@23986957: startup date [Wed Jun 14 02:36:00 GMT+04:00 2017]; root of context hierarchy
2017-06-14 02:36:05 INFO  servlet.mvc.method.annotation.RequestMappingHandlerMapping:543 method: register - Mapped "{[/pixabay],methods=[GET]}" onto public java.util.List<netcracker.wallpaperstock.ermolaxe.model.Image> netcracker.wallpaperstock.ermolaxe.controller.RestController.getPixabayImageByTag(java.lang.String)
2017-06-14 02:36:05 INFO  servlet.mvc.method.annotation.RequestMappingHandlerMapping:543 method: register - Mapped "{[/unsplash],methods=[GET]}" onto public java.util.List<netcracker.wallpaperstock.ermolaxe.model.Image> netcracker.wallpaperstock.ermolaxe.controller.RestController.getUnsplashImage()
2017-06-14 02:36:05 WARN  springframework.boot.context.embedded.AnnotationConfigEmbeddedWebApplicationContext:550 method: refresh - Exception encountered during context initialization - cancelling refresh attempt: org.springframework.beans.factory.BeanCreationException: Error creating bean with name 'requestMappingHandlerMapping' defined in class path resource [org/springframework/boot/autoconfigure/web/WebMvcAutoConfiguration$EnableWebMvcConfiguration.class]: Invocation of init method failed; nested exception is java.lang.IllegalStateException: Ambiguous mapping. Cannot map 'restController' method 
public java.util.List<netcracker.wallpaperstock.ermolaxe.model.Image> netcracker.wallpaperstock.ermolaxe.controller.RestController.getPixabayImage()
to {[/pixabay],methods=[GET]}: There is already 'restController' bean method
public java.util.List<netcracker.wallpaperstock.ermolaxe.model.Image> netcracker.wallpaperstock.ermolaxe.controller.RestController.getPixabayImageByTag(java.lang.String) mapped.
2017-06-14 02:36:05 INFO  springframework.boot.autoconfigure.logging.AutoConfigurationReportLoggingInitializer:101 method: logAutoConfigurationReport - 

Error starting ApplicationContext. To display the auto-configuration report re-run your application with 'debug' enabled.
2017-06-14 02:36:05 ERROR org.springframework.boot.SpringApplication:839 method: reportFailure - Application startup failed
org.springframework.beans.factory.BeanCreationException: Error creating bean with name 'requestMappingHandlerMapping' defined in class path resource [org/springframework/boot/autoconfigure/web/WebMvcAutoConfiguration$EnableWebMvcConfiguration.class]: Invocation of init method failed; nested exception is java.lang.IllegalStateException: Ambiguous mapping. Cannot map 'restController' method 
public java.util.List<netcracker.wallpaperstock.ermolaxe.model.Image> netcracker.wallpaperstock.ermolaxe.controller.RestController.getPixabayImage()
to {[/pixabay],methods=[GET]}: There is already 'restController' bean method
public java.util.List<netcracker.wallpaperstock.ermolaxe.model.Image> netcracker.wallpaperstock.ermolaxe.controller.RestController.getPixabayImageByTag(java.lang.String) mapped.
	at org.springframework.beans.factory.support.AbstractAutowireCapableBeanFactory.initializeBean(AbstractAutowireCapableBeanFactory.java:1583)
	at org.springframework.beans.factory.support.AbstractAutowireCapableBeanFactory.doCreateBean(AbstractAutowireCapableBeanFactory.java:553)
	at org.springframework.beans.factory.support.AbstractAutowireCapableBeanFactory.createBean(AbstractAutowireCapableBeanFactory.java:482)
	at org.springframework.beans.factory.support.AbstractBeanFactory$1.getObject(AbstractBeanFactory.java:306)
	at org.springframework.beans.factory.support.DefaultSingletonBeanRegistry.getSingleton(DefaultSingletonBeanRegistry.java:230)
	at org.springframework.beans.factory.support.AbstractBeanFactory.doGetBean(AbstractBeanFactory.java:302)
	at org.springframework.beans.factory.support.AbstractBeanFactory.getBean(AbstractBeanFactory.java:197)
	at org.springframework.beans.factory.support.DefaultListableBeanFactory.preInstantiateSingletons(DefaultListableBeanFactory.java:754)
	at org.springframework.context.support.AbstractApplicationContext.finishBeanFactoryInitialization(AbstractApplicationContext.java:866)
	at org.springframework.context.support.AbstractApplicationContext.refresh(AbstractApplicationContext.java:542)
	at org.springframework.boot.context.embedded.EmbeddedWebApplicationContext.refresh(EmbeddedWebApplicationContext.java:122)
	at org.springframework.boot.SpringApplication.refresh(SpringApplication.java:761)
	at org.springframework.boot.SpringApplication.refreshContext(SpringApplication.java:371)
	at org.springframework.boot.SpringApplication.run(SpringApplication.java:315)
	at org.springframework.boot.SpringApplication.run(SpringApplication.java:1186)
	at org.springframework.boot.SpringApplication.run(SpringApplication.java:1175)
	at netcracker.wallpaperstock.ermolaxe.Application.main(Application.java:17)
Caused by: java.lang.IllegalStateException: Ambiguous mapping. Cannot map 'restController' method 
public java.util.List<netcracker.wallpaperstock.ermolaxe.model.Image> netcracker.wallpaperstock.ermolaxe.controller.RestController.getPixabayImage()
to {[/pixabay],methods=[GET]}: There is already 'restController' bean method
public java.util.List<netcracker.wallpaperstock.ermolaxe.model.Image> netcracker.wallpaperstock.ermolaxe.controller.RestController.getPixabayImageByTag(java.lang.String) mapped.
	at org.springframework.web.servlet.handler.AbstractHandlerMethodMapping$MappingRegistry.assertUniqueMethodMapping(AbstractHandlerMethodMapping.java:576)
	at org.springframework.web.servlet.handler.AbstractHandlerMethodMapping$MappingRegistry.register(AbstractHandlerMethodMapping.java:540)
	at org.springframework.web.servlet.handler.AbstractHandlerMethodMapping.registerHandlerMethod(AbstractHandlerMethodMapping.java:264)
	at org.springframework.web.servlet.handler.AbstractHandlerMethodMapping.detectHandlerMethods(AbstractHandlerMethodMapping.java:250)
	at org.springframework.web.servlet.handler.AbstractHandlerMethodMapping.initHandlerMethods(AbstractHandlerMethodMapping.java:214)
	at org.springframework.web.servlet.handler.AbstractHandlerMethodMapping.afterPropertiesSet(AbstractHandlerMethodMapping.java:184)
	at org.springframework.web.servlet.mvc.method.annotation.RequestMappingHandlerMapping.afterPropertiesSet(RequestMappingHandlerMapping.java:127)
	at org.springframework.beans.factory.support.AbstractAutowireCapableBeanFactory.invokeInitMethods(AbstractAutowireCapableBeanFactory.java:1642)
	at org.springframework.beans.factory.support.AbstractAutowireCapableBeanFactory.initializeBean(AbstractAutowireCapableBeanFactory.java:1579)
	... 16 more
2017-06-14 02:36:40 INFO  netcracker.wallpaperstock.ermolaxe.Application:48 method: logStarting - Starting Application on Hobbit-PC with PID 4368 (D:\ermolaxe\IdeaProjects\homedev.spring\WallpaperStock\target\classes started by Александр in D:\ermolaxe\IdeaProjects\homedev.spring\WallpaperStock)
2017-06-14 02:36:40 INFO  netcracker.wallpaperstock.ermolaxe.Application:661 method: logStartupProfileInfo - No active profile set, falling back to default profiles: default
2017-06-14 02:36:40 INFO  springframework.boot.context.embedded.AnnotationConfigEmbeddedWebApplicationContext:582 method: prepareRefresh - Refreshing org.springframework.boot.context.embedded.AnnotationConfigEmbeddedWebApplicationContext@23986957: startup date [Wed Jun 14 02:36:40 GMT+04:00 2017]; root of context hierarchy
2017-06-14 02:36:41 INFO  hibernate.validator.internal.util.Version:30 method: <clinit> - HV000001: Hibernate Validator 5.2.4.Final
2017-06-14 02:36:43 INFO  boot.context.embedded.tomcat.TomcatEmbeddedServletContainer:87 method: initialize - Tomcat initialized with port(s): 8080 (http)
2017-06-14 02:36:43 INFO  org.springframework.web.context.ContextLoader:276 method: prepareEmbeddedWebApplicationContext - Root WebApplicationContext: initialization completed in 2597 ms
2017-06-14 02:36:43 INFO  springframework.boot.web.servlet.ServletRegistrationBean:190 method: onStartup - Mapping servlet: 'dispatcherServlet' to [/]
2017-06-14 02:36:43 INFO  springframework.boot.web.servlet.FilterRegistrationBean:258 method: configure - Mapping filter: 'characterEncodingFilter' to: [/*]
2017-06-14 02:36:43 INFO  springframework.boot.web.servlet.FilterRegistrationBean:258 method: configure - Mapping filter: 'hiddenHttpMethodFilter' to: [/*]
2017-06-14 02:36:43 INFO  springframework.boot.web.servlet.FilterRegistrationBean:258 method: configure - Mapping filter: 'httpPutFormContentFilter' to: [/*]
2017-06-14 02:36:43 INFO  springframework.boot.web.servlet.FilterRegistrationBean:258 method: configure - Mapping filter: 'requestContextFilter' to: [/*]
2017-06-14 02:36:43 ERROR netcracker.wallpaperstock.ermolaxe.utils.CategoryReaderFromFile:30 method: readCateforyFromFileToArray - WallpaperStock: File with path [D:\ermolaxe\IdeaProjects\homedev.spring\WallpaperStock\pixabayCategory.txt] isn't found.
2017-06-14 02:36:43 ERROR netcracker.wallpaperstock.ermolaxe.utils.CategoryReaderFromFile:30 method: readCateforyFromFileToArray - WallpaperStock: File with path [D:\ermolaxe\IdeaProjects\homedev.spring\WallpaperStock\pixabayCategory.txt] isn't found.
2017-06-14 02:36:43 INFO  servlet.mvc.method.annotation.RequestMappingHandlerAdapter:534 method: initControllerAdviceCache - Looking for @ControllerAdvice: org.springframework.boot.context.embedded.AnnotationConfigEmbeddedWebApplicationContext@23986957: startup date [Wed Jun 14 02:36:40 GMT+04:00 2017]; root of context hierarchy
2017-06-14 02:36:44 INFO  servlet.mvc.method.annotation.RequestMappingHandlerMapping:543 method: register - Mapped "{[/pixabay],methods=[GET]}" onto public java.util.List<netcracker.wallpaperstock.ermolaxe.model.Image> netcracker.wallpaperstock.ermolaxe.controller.RestController.getPixabayImage()
2017-06-14 02:36:44 INFO  servlet.mvc.method.annotation.RequestMappingHandlerMapping:543 method: register - Mapped "{[/unsplash],methods=[GET]}" onto public java.util.List<netcracker.wallpaperstock.ermolaxe.model.Image> netcracker.wallpaperstock.ermolaxe.controller.RestController.getUnsplashImage()
2017-06-14 02:36:44 INFO  servlet.mvc.method.annotation.RequestMappingHandlerMapping:543 method: register - Mapped "{[/pixabay/findbytag],methods=[GET]}" onto public java.util.List<netcracker.wallpaperstock.ermolaxe.model.Image> netcracker.wallpaperstock.ermolaxe.controller.RestController.getPixabayImageByTag(java.lang.String)
2017-06-14 02:36:44 INFO  servlet.mvc.method.annotation.RequestMappingHandlerMapping:543 method: register - Mapped "{[/error]}" onto public org.springframework.http.ResponseEntity<java.util.Map<java.lang.String, java.lang.Object>> org.springframework.boot.autoconfigure.web.BasicErrorController.error(javax.servlet.http.HttpServletRequest)
2017-06-14 02:36:44 INFO  servlet.mvc.method.annotation.RequestMappingHandlerMapping:543 method: register - Mapped "{[/error],produces=[text/html]}" onto public org.springframework.web.servlet.ModelAndView org.springframework.boot.autoconfigure.web.BasicErrorController.errorHtml(javax.servlet.http.HttpServletRequest,javax.servlet.http.HttpServletResponse)
2017-06-14 02:36:44 INFO  springframework.web.servlet.handler.SimpleUrlHandlerMapping:354 method: registerHandler - Mapped URL path [/webjars/**] onto handler of type [class org.springframework.web.servlet.resource.ResourceHttpRequestHandler]
2017-06-14 02:36:44 INFO  springframework.web.servlet.handler.SimpleUrlHandlerMapping:354 method: registerHandler - Mapped URL path [/**] onto handler of type [class org.springframework.web.servlet.resource.ResourceHttpRequestHandler]
2017-06-14 02:36:44 INFO  springframework.web.servlet.handler.SimpleUrlHandlerMapping:354 method: registerHandler - Mapped URL path [/**/favicon.ico] onto handler of type [class org.springframework.web.servlet.resource.ResourceHttpRequestHandler]
2017-06-14 02:36:44 INFO  springframework.jmx.export.annotation.AnnotationMBeanExporter:431 method: afterSingletonsInstantiated - Registering beans for JMX exposure on startup
2017-06-14 02:36:44 INFO  boot.context.embedded.tomcat.TomcatEmbeddedServletContainer:185 method: start - Tomcat started on port(s): 8080 (http)
2017-06-14 02:36:44 INFO  netcracker.wallpaperstock.ermolaxe.Application:57 method: logStarted - Started Application in 4.302 seconds (JVM running for 4.795)
2017-06-14 02:37:08 INFO  org.springframework.web.servlet.DispatcherServlet:489 method: initServletBean - FrameworkServlet 'dispatcherServlet': initialization started
2017-06-14 02:37:08 INFO  org.springframework.web.servlet.DispatcherServlet:508 method: initServletBean - FrameworkServlet 'dispatcherServlet': initialization completed in 14 ms
2017-06-14 02:37:08 INFO  wallpaperstock.ermolaxe.service.impl.UnsplashDaoImpl:34 method: getImageList - WallpaperStock: User requested a list of new photos from Unsplash service.
2017-06-14 02:37:10 INFO  netcracker.wallpaperstock.ermolaxe.utils.ImageConverter:37 method: convertImageFromUnsplash - WallpaperStock: Convert from UnsplashImage class to default Image class.
2017-06-14 02:37:10 INFO  wallpaperstock.ermolaxe.service.impl.UnsplashDaoImpl:42 method: getImageList - WallpaperStock: The list of photos has been successfully received from Unsplash.
2017-06-14 02:37:14 INFO  wallpaperstock.ermolaxe.service.impl.PixabayDaoImpl:45 method: getImageList - WallpaperStock: User requested a list of new photos from Pixabay service.
2017-06-14 02:37:15 ERROR wallpaperstock.ermolaxe.service.impl.PixabayDaoImpl:68 method: getImageList - WallpaperStock: Something went wrong! With message: [sun.security.validator.ValidatorException: PKIX path building failed: sun.security.provider.certpath.SunCertPathBuilderException: unable to find valid certification path to requested target] and stacktrace [[Ljava.lang.StackTraceElement;@3199dacf]
2017-06-14 02:38:35 INFO  netcracker.wallpaperstock.ermolaxe.Application:48 method: logStarting - Starting Application on Hobbit-PC with PID 3228 (D:\ermolaxe\IdeaProjects\homedev.spring\WallpaperStock\target\classes started by Александр in D:\ermolaxe\IdeaProjects\homedev.spring\WallpaperStock)
2017-06-14 02:38:35 INFO  netcracker.wallpaperstock.ermolaxe.Application:661 method: logStartupProfileInfo - No active profile set, falling back to default profiles: default
2017-06-14 02:38:35 INFO  springframework.boot.context.embedded.AnnotationConfigEmbeddedWebApplicationContext:582 method: prepareRefresh - Refreshing org.springframework.boot.context.embedded.AnnotationConfigEmbeddedWebApplicationContext@23986957: startup date [Wed Jun 14 02:38:35 GMT+04:00 2017]; root of context hierarchy
2017-06-14 02:38:36 INFO  hibernate.validator.internal.util.Version:30 method: <clinit> - HV000001: Hibernate Validator 5.2.4.Final
2017-06-14 02:38:38 INFO  boot.context.embedded.tomcat.TomcatEmbeddedServletContainer:87 method: initialize - Tomcat initialized with port(s): 8080 (http)
2017-06-14 02:38:38 INFO  org.springframework.web.context.ContextLoader:276 method: prepareEmbeddedWebApplicationContext - Root WebApplicationContext: initialization completed in 2217 ms
2017-06-14 02:38:38 INFO  springframework.boot.web.servlet.ServletRegistrationBean:190 method: onStartup - Mapping servlet: 'dispatcherServlet' to [/]
2017-06-14 02:38:38 INFO  springframework.boot.web.servlet.FilterRegistrationBean:258 method: configure - Mapping filter: 'characterEncodingFilter' to: [/*]
2017-06-14 02:38:38 INFO  springframework.boot.web.servlet.FilterRegistrationBean:258 method: configure - Mapping filter: 'hiddenHttpMethodFilter' to: [/*]
2017-06-14 02:38:38 INFO  springframework.boot.web.servlet.FilterRegistrationBean:258 method: configure - Mapping filter: 'httpPutFormContentFilter' to: [/*]
2017-06-14 02:38:38 INFO  springframework.boot.web.servlet.FilterRegistrationBean:258 method: configure - Mapping filter: 'requestContextFilter' to: [/*]
2017-06-14 02:38:38 ERROR netcracker.wallpaperstock.ermolaxe.utils.CategoryReaderFromFile:30 method: readCateforyFromFileToArray - WallpaperStock: File with path [D:\ermolaxe\IdeaProjects\homedev.spring\WallpaperStock\pixabayCategory.txt] isn't found.
2017-06-14 02:38:38 ERROR netcracker.wallpaperstock.ermolaxe.utils.CategoryReaderFromFile:30 method: readCateforyFromFileToArray - WallpaperStock: File with path [D:\ermolaxe\IdeaProjects\homedev.spring\WallpaperStock\pixabayCategory.txt] isn't found.
2017-06-14 02:38:38 INFO  servlet.mvc.method.annotation.RequestMappingHandlerAdapter:534 method: initControllerAdviceCache - Looking for @ControllerAdvice: org.springframework.boot.context.embedded.AnnotationConfigEmbeddedWebApplicationContext@23986957: startup date [Wed Jun 14 02:38:35 GMT+04:00 2017]; root of context hierarchy
2017-06-14 02:38:38 INFO  servlet.mvc.method.annotation.RequestMappingHandlerMapping:543 method: register - Mapped "{[/pixabay],methods=[GET]}" onto public java.util.List<netcracker.wallpaperstock.ermolaxe.model.Image> netcracker.wallpaperstock.ermolaxe.controller.RestController.getPixabayImage()
2017-06-14 02:38:38 INFO  servlet.mvc.method.annotation.RequestMappingHandlerMapping:543 method: register - Mapped "{[/unsplash],methods=[GET]}" onto public java.util.List<netcracker.wallpaperstock.ermolaxe.model.Image> netcracker.wallpaperstock.ermolaxe.controller.RestController.getUnsplashImage()
2017-06-14 02:38:38 INFO  servlet.mvc.method.annotation.RequestMappingHandlerMapping:543 method: register - Mapped "{[/error]}" onto public org.springframework.http.ResponseEntity<java.util.Map<java.lang.String, java.lang.Object>> org.springframework.boot.autoconfigure.web.BasicErrorController.error(javax.servlet.http.HttpServletRequest)
2017-06-14 02:38:38 INFO  servlet.mvc.method.annotation.RequestMappingHandlerMapping:543 method: register - Mapped "{[/error],produces=[text/html]}" onto public org.springframework.web.servlet.ModelAndView org.springframework.boot.autoconfigure.web.BasicErrorController.errorHtml(javax.servlet.http.HttpServletRequest,javax.servlet.http.HttpServletResponse)
2017-06-14 02:38:38 INFO  springframework.web.servlet.handler.SimpleUrlHandlerMapping:354 method: registerHandler - Mapped URL path [/webjars/**] onto handler of type [class org.springframework.web.servlet.resource.ResourceHttpRequestHandler]
2017-06-14 02:38:38 INFO  springframework.web.servlet.handler.SimpleUrlHandlerMapping:354 method: registerHandler - Mapped URL path [/**] onto handler of type [class org.springframework.web.servlet.resource.ResourceHttpRequestHandler]
2017-06-14 02:38:38 INFO  springframework.web.servlet.handler.SimpleUrlHandlerMapping:354 method: registerHandler - Mapped URL path [/**/favicon.ico] onto handler of type [class org.springframework.web.servlet.resource.ResourceHttpRequestHandler]
2017-06-14 02:38:39 INFO  springframework.jmx.export.annotation.AnnotationMBeanExporter:431 method: afterSingletonsInstantiated - Registering beans for JMX exposure on startup
2017-06-14 02:38:39 INFO  boot.context.embedded.tomcat.TomcatEmbeddedServletContainer:185 method: start - Tomcat started on port(s): 8080 (http)
2017-06-14 02:38:39 INFO  netcracker.wallpaperstock.ermolaxe.Application:57 method: logStarted - Started Application in 3.908 seconds (JVM running for 4.398)
2017-06-14 02:38:48 INFO  org.springframework.web.servlet.DispatcherServlet:489 method: initServletBean - FrameworkServlet 'dispatcherServlet': initialization started
2017-06-14 02:38:48 INFO  org.springframework.web.servlet.DispatcherServlet:508 method: initServletBean - FrameworkServlet 'dispatcherServlet': initialization completed in 14 ms
2017-06-14 02:38:48 INFO  wallpaperstock.ermolaxe.service.impl.PixabayDaoImpl:45 method: getImageList - WallpaperStock: User requested a list of new photos from Pixabay service.
2017-06-14 02:38:48 ERROR wallpaperstock.ermolaxe.service.impl.PixabayDaoImpl:68 method: getImageList - WallpaperStock: Something went wrong! With message: [sun.security.validator.ValidatorException: PKIX path building failed: sun.security.provider.certpath.SunCertPathBuilderException: unable to find valid certification path to requested target] and stacktrace [[Ljava.lang.StackTraceElement;@7bc95de5]
2017-06-14 02:39:49 INFO  netcracker.wallpaperstock.ermolaxe.Application:48 method: logStarting - Starting Application on Hobbit-PC with PID 4280 (D:\ermolaxe\IdeaProjects\homedev.spring\WallpaperStock\target\classes started by Александр in D:\ermolaxe\IdeaProjects\homedev.spring\WallpaperStock)
2017-06-14 02:39:49 INFO  netcracker.wallpaperstock.ermolaxe.Application:661 method: logStartupProfileInfo - No active profile set, falling back to default profiles: default
2017-06-14 02:39:49 INFO  springframework.boot.context.embedded.AnnotationConfigEmbeddedWebApplicationContext:582 method: prepareRefresh - Refreshing org.springframework.boot.context.embedded.AnnotationConfigEmbeddedWebApplicationContext@23986957: startup date [Wed Jun 14 02:39:49 GMT+04:00 2017]; root of context hierarchy
2017-06-14 02:39:49 INFO  hibernate.validator.internal.util.Version:30 method: <clinit> - HV000001: Hibernate Validator 5.2.4.Final
2017-06-14 02:39:51 INFO  boot.context.embedded.tomcat.TomcatEmbeddedServletContainer:87 method: initialize - Tomcat initialized with port(s): 8080 (http)
2017-06-14 02:39:51 INFO  org.springframework.web.context.ContextLoader:276 method: prepareEmbeddedWebApplicationContext - Root WebApplicationContext: initialization completed in 2431 ms
2017-06-14 02:39:51 INFO  springframework.boot.web.servlet.ServletRegistrationBean:190 method: onStartup - Mapping servlet: 'dispatcherServlet' to [/]
2017-06-14 02:39:51 INFO  springframework.boot.web.servlet.FilterRegistrationBean:258 method: configure - Mapping filter: 'characterEncodingFilter' to: [/*]
2017-06-14 02:39:51 INFO  springframework.boot.web.servlet.FilterRegistrationBean:258 method: configure - Mapping filter: 'hiddenHttpMethodFilter' to: [/*]
2017-06-14 02:39:51 INFO  springframework.boot.web.servlet.FilterRegistrationBean:258 method: configure - Mapping filter: 'httpPutFormContentFilter' to: [/*]
2017-06-14 02:39:51 INFO  springframework.boot.web.servlet.FilterRegistrationBean:258 method: configure - Mapping filter: 'requestContextFilter' to: [/*]
2017-06-14 02:39:51 ERROR netcracker.wallpaperstock.ermolaxe.utils.CategoryReaderFromFile:30 method: readCateforyFromFileToArray - WallpaperStock: File with path [D:\ermolaxe\IdeaProjects\homedev.spring\WallpaperStock\pixabayCategory.txt] isn't found.
2017-06-14 02:39:51 ERROR netcracker.wallpaperstock.ermolaxe.utils.CategoryReaderFromFile:30 method: readCateforyFromFileToArray - WallpaperStock: File with path [D:\ermolaxe\IdeaProjects\homedev.spring\WallpaperStock\pixabayCategory.txt] isn't found.
2017-06-14 02:39:52 INFO  servlet.mvc.method.annotation.RequestMappingHandlerAdapter:534 method: initControllerAdviceCache - Looking for @ControllerAdvice: org.springframework.boot.context.embedded.AnnotationConfigEmbeddedWebApplicationContext@23986957: startup date [Wed Jun 14 02:39:49 GMT+04:00 2017]; root of context hierarchy
2017-06-14 02:39:52 INFO  servlet.mvc.method.annotation.RequestMappingHandlerMapping:543 method: register - Mapped "{[/pixabay],methods=[GET]}" onto public java.util.List<netcracker.wallpaperstock.ermolaxe.model.Image> netcracker.wallpaperstock.ermolaxe.controller.RestController.getPixabayImage()
2017-06-14 02:39:52 INFO  servlet.mvc.method.annotation.RequestMappingHandlerMapping:543 method: register - Mapped "{[/unsplash],methods=[GET]}" onto public java.util.List<netcracker.wallpaperstock.ermolaxe.model.Image> netcracker.wallpaperstock.ermolaxe.controller.RestController.getUnsplashImage()
2017-06-14 02:39:52 INFO  servlet.mvc.method.annotation.RequestMappingHandlerMapping:543 method: register - Mapped "{[/error]}" onto public org.springframework.http.ResponseEntity<java.util.Map<java.lang.String, java.lang.Object>> org.springframework.boot.autoconfigure.web.BasicErrorController.error(javax.servlet.http.HttpServletRequest)
2017-06-14 02:39:52 INFO  servlet.mvc.method.annotation.RequestMappingHandlerMapping:543 method: register - Mapped "{[/error],produces=[text/html]}" onto public org.springframework.web.servlet.ModelAndView org.springframework.boot.autoconfigure.web.BasicErrorController.errorHtml(javax.servlet.http.HttpServletRequest,javax.servlet.http.HttpServletResponse)
2017-06-14 02:39:52 INFO  springframework.web.servlet.handler.SimpleUrlHandlerMapping:354 method: registerHandler - Mapped URL path [/webjars/**] onto handler of type [class org.springframework.web.servlet.resource.ResourceHttpRequestHandler]
2017-06-14 02:39:52 INFO  springframework.web.servlet.handler.SimpleUrlHandlerMapping:354 method: registerHandler - Mapped URL path [/**] onto handler of type [class org.springframework.web.servlet.resource.ResourceHttpRequestHandler]
2017-06-14 02:39:52 INFO  springframework.web.servlet.handler.SimpleUrlHandlerMapping:354 method: registerHandler - Mapped URL path [/**/favicon.ico] onto handler of type [class org.springframework.web.servlet.resource.ResourceHttpRequestHandler]
2017-06-14 02:39:52 INFO  springframework.jmx.export.annotation.AnnotationMBeanExporter:431 method: afterSingletonsInstantiated - Registering beans for JMX exposure on startup
2017-06-14 02:39:52 INFO  boot.context.embedded.tomcat.TomcatEmbeddedServletContainer:185 method: start - Tomcat started on port(s): 8080 (http)
2017-06-14 02:39:52 INFO  netcracker.wallpaperstock.ermolaxe.Application:57 method: logStarted - Started Application in 4.008 seconds (JVM running for 4.438)
2017-06-14 02:39:53 INFO  org.springframework.web.servlet.DispatcherServlet:489 method: initServletBean - FrameworkServlet 'dispatcherServlet': initialization started
2017-06-14 02:39:53 INFO  org.springframework.web.servlet.DispatcherServlet:508 method: initServletBean - FrameworkServlet 'dispatcherServlet': initialization completed in 19 ms
2017-06-14 02:39:53 INFO  wallpaperstock.ermolaxe.service.impl.PixabayDaoImpl:45 method: getImageList - WallpaperStock: User requested a list of new photos from Pixabay service.
2017-06-14 02:39:53 ERROR wallpaperstock.ermolaxe.service.impl.PixabayDaoImpl:69 method: getImageList - WallpaperStock: Something went wrong! With message: [sun.security.validator.ValidatorException: PKIX path building failed: sun.security.provider.certpath.SunCertPathBuilderException: unable to find valid certification path to requested target] and stacktrace [[Ljava.lang.StackTraceElement;@3af7dcf6]
2017-06-14 02:40:20 INFO  netcracker.wallpaperstock.ermolaxe.Application:48 method: logStarting - Starting Application on Hobbit-PC with PID 3360 (D:\ermolaxe\IdeaProjects\homedev.spring\WallpaperStock\target\classes started by Александр in D:\ermolaxe\IdeaProjects\homedev.spring\WallpaperStock)
2017-06-14 02:40:20 INFO  netcracker.wallpaperstock.ermolaxe.Application:661 method: logStartupProfileInfo - No active profile set, falling back to default profiles: default
2017-06-14 02:40:21 INFO  springframework.boot.context.embedded.AnnotationConfigEmbeddedWebApplicationContext:582 method: prepareRefresh - Refreshing org.springframework.boot.context.embedded.AnnotationConfigEmbeddedWebApplicationContext@23986957: startup date [Wed Jun 14 02:40:21 GMT+04:00 2017]; root of context hierarchy
2017-06-14 02:40:21 INFO  hibernate.validator.internal.util.Version:30 method: <clinit> - HV000001: Hibernate Validator 5.2.4.Final
2017-06-14 02:40:23 INFO  boot.context.embedded.tomcat.TomcatEmbeddedServletContainer:87 method: initialize - Tomcat initialized with port(s): 8080 (http)
2017-06-14 02:40:23 INFO  org.springframework.web.context.ContextLoader:276 method: prepareEmbeddedWebApplicationContext - Root WebApplicationContext: initialization completed in 2454 ms
2017-06-14 02:40:23 INFO  springframework.boot.web.servlet.ServletRegistrationBean:190 method: onStartup - Mapping servlet: 'dispatcherServlet' to [/]
2017-06-14 02:40:23 INFO  springframework.boot.web.servlet.FilterRegistrationBean:258 method: configure - Mapping filter: 'characterEncodingFilter' to: [/*]
2017-06-14 02:40:23 INFO  springframework.boot.web.servlet.FilterRegistrationBean:258 method: configure - Mapping filter: 'hiddenHttpMethodFilter' to: [/*]
2017-06-14 02:40:23 INFO  springframework.boot.web.servlet.FilterRegistrationBean:258 method: configure - Mapping filter: 'httpPutFormContentFilter' to: [/*]
2017-06-14 02:40:23 INFO  springframework.boot.web.servlet.FilterRegistrationBean:258 method: configure - Mapping filter: 'requestContextFilter' to: [/*]
2017-06-14 02:40:23 ERROR netcracker.wallpaperstock.ermolaxe.utils.CategoryReaderFromFile:30 method: readCateforyFromFileToArray - WallpaperStock: File with path [D:\ermolaxe\IdeaProjects\homedev.spring\WallpaperStock\pixabayCategory.txt] isn't found.
2017-06-14 02:40:23 ERROR netcracker.wallpaperstock.ermolaxe.utils.CategoryReaderFromFile:30 method: readCateforyFromFileToArray - WallpaperStock: File with path [D:\ermolaxe\IdeaProjects\homedev.spring\WallpaperStock\pixabayCategory.txt] isn't found.
2017-06-14 02:40:24 INFO  servlet.mvc.method.annotation.RequestMappingHandlerAdapter:534 method: initControllerAdviceCache - Looking for @ControllerAdvice: org.springframework.boot.context.embedded.AnnotationConfigEmbeddedWebApplicationContext@23986957: startup date [Wed Jun 14 02:40:21 GMT+04:00 2017]; root of context hierarchy
2017-06-14 02:40:24 INFO  servlet.mvc.method.annotation.RequestMappingHandlerMapping:543 method: register - Mapped "{[/unsplash],methods=[GET]}" onto public java.util.List<netcracker.wallpaperstock.ermolaxe.model.Image> netcracker.wallpaperstock.ermolaxe.controller.RestController.getUnsplashImage()
2017-06-14 02:40:24 INFO  servlet.mvc.method.annotation.RequestMappingHandlerMapping:543 method: register - Mapped "{[/pixabay],methods=[GET]}" onto public java.util.List<netcracker.wallpaperstock.ermolaxe.model.Image> netcracker.wallpaperstock.ermolaxe.controller.RestController.getPixabayImage()
2017-06-14 02:40:24 INFO  servlet.mvc.method.annotation.RequestMappingHandlerMapping:543 method: register - Mapped "{[/error]}" onto public org.springframework.http.ResponseEntity<java.util.Map<java.lang.String, java.lang.Object>> org.springframework.boot.autoconfigure.web.BasicErrorController.error(javax.servlet.http.HttpServletRequest)
2017-06-14 02:40:24 INFO  servlet.mvc.method.annotation.RequestMappingHandlerMapping:543 method: register - Mapped "{[/error],produces=[text/html]}" onto public org.springframework.web.servlet.ModelAndView org.springframework.boot.autoconfigure.web.BasicErrorController.errorHtml(javax.servlet.http.HttpServletRequest,javax.servlet.http.HttpServletResponse)
2017-06-14 02:40:24 INFO  springframework.web.servlet.handler.SimpleUrlHandlerMapping:354 method: registerHandler - Mapped URL path [/webjars/**] onto handler of type [class org.springframework.web.servlet.resource.ResourceHttpRequestHandler]
2017-06-14 02:40:24 INFO  springframework.web.servlet.handler.SimpleUrlHandlerMapping:354 method: registerHandler - Mapped URL path [/**] onto handler of type [class org.springframework.web.servlet.resource.ResourceHttpRequestHandler]
2017-06-14 02:40:24 INFO  springframework.web.servlet.handler.SimpleUrlHandlerMapping:354 method: registerHandler - Mapped URL path [/**/favicon.ico] onto handler of type [class org.springframework.web.servlet.resource.ResourceHttpRequestHandler]
2017-06-14 02:40:24 INFO  springframework.jmx.export.annotation.AnnotationMBeanExporter:431 method: afterSingletonsInstantiated - Registering beans for JMX exposure on startup
2017-06-14 02:40:24 INFO  boot.context.embedded.tomcat.TomcatEmbeddedServletContainer:185 method: start - Tomcat started on port(s): 8080 (http)
2017-06-14 02:40:24 INFO  netcracker.wallpaperstock.ermolaxe.Application:57 method: logStarted - Started Application in 4.137 seconds (JVM running for 4.68)
2017-06-14 02:40:25 INFO  org.springframework.web.servlet.DispatcherServlet:489 method: initServletBean - FrameworkServlet 'dispatcherServlet': initialization started
2017-06-14 02:40:25 INFO  org.springframework.web.servlet.DispatcherServlet:508 method: initServletBean - FrameworkServlet 'dispatcherServlet': initialization completed in 15 ms
2017-06-14 02:40:25 INFO  wallpaperstock.ermolaxe.service.impl.PixabayDaoImpl:45 method: getImageList - WallpaperStock: User requested a list of new photos from Pixabay service.
2017-06-14 02:40:25 WARN  wallpaperstock.ermolaxe.service.impl.PixabayDaoImpl:49 method: getImageList - 0
2017-06-14 02:40:25 ERROR wallpaperstock.ermolaxe.service.impl.PixabayDaoImpl:70 method: getImageList - WallpaperStock: Something went wrong! With message: [sun.security.validator.ValidatorException: PKIX path building failed: sun.security.provider.certpath.SunCertPathBuilderException: unable to find valid certification path to requested target] and stacktrace [[Ljava.lang.StackTraceElement;@281e2707]
2017-06-14 02:44:39 INFO  netcracker.wallpaperstock.ermolaxe.Application:48 method: logStarting - Starting Application on Hobbit-PC with PID 5004 (D:\ermolaxe\IdeaProjects\homedev.spring\WallpaperStock\target\classes started by Александр in D:\ermolaxe\IdeaProjects\homedev.spring\WallpaperStock)
2017-06-14 02:44:39 INFO  netcracker.wallpaperstock.ermolaxe.Application:661 method: logStartupProfileInfo - No active profile set, falling back to default profiles: default
2017-06-14 02:44:39 INFO  springframework.boot.context.embedded.AnnotationConfigEmbeddedWebApplicationContext:582 method: prepareRefresh - Refreshing org.springframework.boot.context.embedded.AnnotationConfigEmbeddedWebApplicationContext@23986957: startup date [Wed Jun 14 02:44:39 GMT+04:00 2017]; root of context hierarchy
2017-06-14 02:44:41 INFO  hibernate.validator.internal.util.Version:30 method: <clinit> - HV000001: Hibernate Validator 5.2.4.Final
2017-06-14 02:44:43 INFO  boot.context.embedded.tomcat.TomcatEmbeddedServletContainer:87 method: initialize - Tomcat initialized with port(s): 8080 (http)
2017-06-14 02:44:43 INFO  org.springframework.web.context.ContextLoader:276 method: prepareEmbeddedWebApplicationContext - Root WebApplicationContext: initialization completed in 4409 ms
2017-06-14 02:44:43 INFO  springframework.boot.web.servlet.ServletRegistrationBean:190 method: onStartup - Mapping servlet: 'dispatcherServlet' to [/]
2017-06-14 02:44:43 INFO  springframework.boot.web.servlet.FilterRegistrationBean:258 method: configure - Mapping filter: 'characterEncodingFilter' to: [/*]
2017-06-14 02:44:43 INFO  springframework.boot.web.servlet.FilterRegistrationBean:258 method: configure - Mapping filter: 'hiddenHttpMethodFilter' to: [/*]
2017-06-14 02:44:43 INFO  springframework.boot.web.servlet.FilterRegistrationBean:258 method: configure - Mapping filter: 'httpPutFormContentFilter' to: [/*]
2017-06-14 02:44:43 INFO  springframework.boot.web.servlet.FilterRegistrationBean:258 method: configure - Mapping filter: 'requestContextFilter' to: [/*]
2017-06-14 02:44:43 ERROR netcracker.wallpaperstock.ermolaxe.utils.CategoryReaderFromFile:30 method: readCateforyFromFileToArray - WallpaperStock: File with path [D:\ermolaxe\IdeaProjects\homedev.spring\WallpaperStock\pixabayCategory.txt] isn't found.
2017-06-14 02:44:43 ERROR netcracker.wallpaperstock.ermolaxe.utils.CategoryReaderFromFile:30 method: readCateforyFromFileToArray - WallpaperStock: File with path [D:\ermolaxe\IdeaProjects\homedev.spring\WallpaperStock\pixabayCategory.txt] isn't found.
2017-06-14 02:44:44 INFO  servlet.mvc.method.annotation.RequestMappingHandlerAdapter:534 method: initControllerAdviceCache - Looking for @ControllerAdvice: org.springframework.boot.context.embedded.AnnotationConfigEmbeddedWebApplicationContext@23986957: startup date [Wed Jun 14 02:44:39 GMT+04:00 2017]; root of context hierarchy
2017-06-14 02:44:44 INFO  servlet.mvc.method.annotation.RequestMappingHandlerMapping:543 method: register - Mapped "{[/unsplash],methods=[GET]}" onto public java.util.List<netcracker.wallpaperstock.ermolaxe.model.Image> netcracker.wallpaperstock.ermolaxe.controller.RestController.getUnsplashImage()
2017-06-14 02:44:44 INFO  servlet.mvc.method.annotation.RequestMappingHandlerMapping:543 method: register - Mapped "{[/pixabay],methods=[GET]}" onto public java.util.List<netcracker.wallpaperstock.ermolaxe.model.Image> netcracker.wallpaperstock.ermolaxe.controller.RestController.getPixabayImage()
2017-06-14 02:44:44 INFO  servlet.mvc.method.annotation.RequestMappingHandlerMapping:543 method: register - Mapped "{[/pixabay/findbytag],methods=[GET]}" onto public java.util.List<netcracker.wallpaperstock.ermolaxe.model.Image> netcracker.wallpaperstock.ermolaxe.controller.RestController.getPixabayImageByTag(java.lang.String)
2017-06-14 02:44:44 INFO  servlet.mvc.method.annotation.RequestMappingHandlerMapping:543 method: register - Mapped "{[/error]}" onto public org.springframework.http.ResponseEntity<java.util.Map<java.lang.String, java.lang.Object>> org.springframework.boot.autoconfigure.web.BasicErrorController.error(javax.servlet.http.HttpServletRequest)
2017-06-14 02:44:44 INFO  servlet.mvc.method.annotation.RequestMappingHandlerMapping:543 method: register - Mapped "{[/error],produces=[text/html]}" onto public org.springframework.web.servlet.ModelAndView org.springframework.boot.autoconfigure.web.BasicErrorController.errorHtml(javax.servlet.http.HttpServletRequest,javax.servlet.http.HttpServletResponse)
2017-06-14 02:44:44 INFO  springframework.web.servlet.handler.SimpleUrlHandlerMapping:354 method: registerHandler - Mapped URL path [/webjars/**] onto handler of type [class org.springframework.web.servlet.resource.ResourceHttpRequestHandler]
2017-06-14 02:44:44 INFO  springframework.web.servlet.handler.SimpleUrlHandlerMapping:354 method: registerHandler - Mapped URL path [/**] onto handler of type [class org.springframework.web.servlet.resource.ResourceHttpRequestHandler]
2017-06-14 02:44:44 INFO  springframework.web.servlet.handler.SimpleUrlHandlerMapping:354 method: registerHandler - Mapped URL path [/**/favicon.ico] onto handler of type [class org.springframework.web.servlet.resource.ResourceHttpRequestHandler]
2017-06-14 02:44:44 INFO  springframework.jmx.export.annotation.AnnotationMBeanExporter:431 method: afterSingletonsInstantiated - Registering beans for JMX exposure on startup
2017-06-14 02:44:44 INFO  boot.context.embedded.tomcat.TomcatEmbeddedServletContainer:185 method: start - Tomcat started on port(s): 8080 (http)
2017-06-14 02:44:44 INFO  netcracker.wallpaperstock.ermolaxe.Application:57 method: logStarted - Started Application in 7.414 seconds (JVM running for 9.252)
2017-06-14 02:44:55 INFO  org.springframework.web.servlet.DispatcherServlet:489 method: initServletBean - FrameworkServlet 'dispatcherServlet': initialization started
2017-06-14 02:44:55 INFO  org.springframework.web.servlet.DispatcherServlet:508 method: initServletBean - FrameworkServlet 'dispatcherServlet': initialization completed in 13 ms
2017-06-14 02:44:55 INFO  wallpaperstock.ermolaxe.service.impl.PixabayDaoImpl:76 method: getPhotoByTag - WallpaperStock: User requested a list of photos from Pixabay service with tag: travel
2017-06-14 02:44:55 WARN  wallpaperstock.ermolaxe.service.impl.PixabayDaoImpl:102 method: getPhotoByTag - WallpaperStock: Category travel isn't found.
2017-06-14 02:45:53 INFO  netcracker.wallpaperstock.ermolaxe.Application:48 method: logStarting - Starting Application on Hobbit-PC with PID 4684 (D:\ermolaxe\IdeaProjects\homedev.spring\WallpaperStock\target\classes started by Александр in D:\ermolaxe\IdeaProjects\homedev.spring\WallpaperStock)
2017-06-14 02:45:53 INFO  netcracker.wallpaperstock.ermolaxe.Application:661 method: logStartupProfileInfo - No active profile set, falling back to default profiles: default
2017-06-14 02:45:53 INFO  springframework.boot.context.embedded.AnnotationConfigEmbeddedWebApplicationContext:582 method: prepareRefresh - Refreshing org.springframework.boot.context.embedded.AnnotationConfigEmbeddedWebApplicationContext@37313c65: startup date [Wed Jun 14 02:45:53 GMT+04:00 2017]; root of context hierarchy
2017-06-14 02:45:53 INFO  hibernate.validator.internal.util.Version:30 method: <clinit> - HV000001: Hibernate Validator 5.2.4.Final
2017-06-14 02:45:55 INFO  boot.context.embedded.tomcat.TomcatEmbeddedServletContainer:87 method: initialize - Tomcat initialized with port(s): 8080 (http)
2017-06-14 02:45:56 INFO  org.springframework.web.context.ContextLoader:276 method: prepareEmbeddedWebApplicationContext - Root WebApplicationContext: initialization completed in 2748 ms
2017-06-14 02:45:56 INFO  springframework.boot.web.servlet.ServletRegistrationBean:190 method: onStartup - Mapping servlet: 'dispatcherServlet' to [/]
2017-06-14 02:45:56 INFO  springframework.boot.web.servlet.FilterRegistrationBean:258 method: configure - Mapping filter: 'characterEncodingFilter' to: [/*]
2017-06-14 02:45:56 INFO  springframework.boot.web.servlet.FilterRegistrationBean:258 method: configure - Mapping filter: 'hiddenHttpMethodFilter' to: [/*]
2017-06-14 02:45:56 INFO  springframework.boot.web.servlet.FilterRegistrationBean:258 method: configure - Mapping filter: 'httpPutFormContentFilter' to: [/*]
2017-06-14 02:45:56 INFO  springframework.boot.web.servlet.FilterRegistrationBean:258 method: configure - Mapping filter: 'requestContextFilter' to: [/*]
2017-06-14 02:46:20 ERROR netcracker.wallpaperstock.ermolaxe.utils.CategoryReaderFromFile:30 method: readCateforyFromFileToArray - WallpaperStock: File with path [D:\ermolaxe\IdeaProjects\homedev.spring\WallpaperStock\pixabayCategory.txt] isn't found.
2017-06-14 02:46:20 ERROR netcracker.wallpaperstock.ermolaxe.utils.CategoryReaderFromFile:30 method: readCateforyFromFileToArray - WallpaperStock: File with path [D:\ermolaxe\IdeaProjects\homedev.spring\WallpaperStock\pixabayCategory.txt] isn't found.
2017-06-14 02:48:51 INFO  netcracker.wallpaperstock.ermolaxe.Application:48 method: logStarting - Starting Application on Hobbit-PC with PID 4848 (D:\ermolaxe\IdeaProjects\homedev.spring\WallpaperStock\target\classes started by Александр in D:\ermolaxe\IdeaProjects\homedev.spring\WallpaperStock)
2017-06-14 02:48:51 INFO  netcracker.wallpaperstock.ermolaxe.Application:661 method: logStartupProfileInfo - No active profile set, falling back to default profiles: default
2017-06-14 02:48:51 INFO  springframework.boot.context.embedded.AnnotationConfigEmbeddedWebApplicationContext:582 method: prepareRefresh - Refreshing org.springframework.boot.context.embedded.AnnotationConfigEmbeddedWebApplicationContext@23986957: startup date [Wed Jun 14 02:48:51 GMT+04:00 2017]; root of context hierarchy
2017-06-14 02:48:52 INFO  hibernate.validator.internal.util.Version:30 method: <clinit> - HV000001: Hibernate Validator 5.2.4.Final
2017-06-14 02:48:54 INFO  boot.context.embedded.tomcat.TomcatEmbeddedServletContainer:87 method: initialize - Tomcat initialized with port(s): 8080 (http)
2017-06-14 02:48:54 INFO  org.springframework.web.context.ContextLoader:276 method: prepareEmbeddedWebApplicationContext - Root WebApplicationContext: initialization completed in 2748 ms
2017-06-14 02:48:54 INFO  springframework.boot.web.servlet.ServletRegistrationBean:190 method: onStartup - Mapping servlet: 'dispatcherServlet' to [/]
2017-06-14 02:48:54 INFO  springframework.boot.web.servlet.FilterRegistrationBean:258 method: configure - Mapping filter: 'characterEncodingFilter' to: [/*]
2017-06-14 02:48:54 INFO  springframework.boot.web.servlet.FilterRegistrationBean:258 method: configure - Mapping filter: 'hiddenHttpMethodFilter' to: [/*]
2017-06-14 02:48:54 INFO  springframework.boot.web.servlet.FilterRegistrationBean:258 method: configure - Mapping filter: 'httpPutFormContentFilter' to: [/*]
2017-06-14 02:48:54 INFO  springframework.boot.web.servlet.FilterRegistrationBean:258 method: configure - Mapping filter: 'requestContextFilter' to: [/*]
2017-06-14 02:48:55 INFO  servlet.mvc.method.annotation.RequestMappingHandlerAdapter:534 method: initControllerAdviceCache - Looking for @ControllerAdvice: org.springframework.boot.context.embedded.AnnotationConfigEmbeddedWebApplicationContext@23986957: startup date [Wed Jun 14 02:48:51 GMT+04:00 2017]; root of context hierarchy
2017-06-14 02:48:55 INFO  servlet.mvc.method.annotation.RequestMappingHandlerMapping:543 method: register - Mapped "{[/pixabay/findbytag],methods=[GET]}" onto public java.util.List<netcracker.wallpaperstock.ermolaxe.model.Image> netcracker.wallpaperstock.ermolaxe.controller.RestController.getPixabayImageByTag(java.lang.String)
2017-06-14 02:48:55 INFO  servlet.mvc.method.annotation.RequestMappingHandlerMapping:543 method: register - Mapped "{[/unsplash],methods=[GET]}" onto public java.util.List<netcracker.wallpaperstock.ermolaxe.model.Image> netcracker.wallpaperstock.ermolaxe.controller.RestController.getUnsplashImage()
2017-06-14 02:48:55 INFO  servlet.mvc.method.annotation.RequestMappingHandlerMapping:543 method: register - Mapped "{[/pixabay],methods=[GET]}" onto public java.util.List<netcracker.wallpaperstock.ermolaxe.model.Image> netcracker.wallpaperstock.ermolaxe.controller.RestController.getPixabayImage()
2017-06-14 02:48:55 INFO  servlet.mvc.method.annotation.RequestMappingHandlerMapping:543 method: register - Mapped "{[/error]}" onto public org.springframework.http.ResponseEntity<java.util.Map<java.lang.String, java.lang.Object>> org.springframework.boot.autoconfigure.web.BasicErrorController.error(javax.servlet.http.HttpServletRequest)
2017-06-14 02:48:55 INFO  servlet.mvc.method.annotation.RequestMappingHandlerMapping:543 method: register - Mapped "{[/error],produces=[text/html]}" onto public org.springframework.web.servlet.ModelAndView org.springframework.boot.autoconfigure.web.BasicErrorController.errorHtml(javax.servlet.http.HttpServletRequest,javax.servlet.http.HttpServletResponse)
2017-06-14 02:48:55 INFO  springframework.web.servlet.handler.SimpleUrlHandlerMapping:354 method: registerHandler - Mapped URL path [/webjars/**] onto handler of type [class org.springframework.web.servlet.resource.ResourceHttpRequestHandler]
2017-06-14 02:48:55 INFO  springframework.web.servlet.handler.SimpleUrlHandlerMapping:354 method: registerHandler - Mapped URL path [/**] onto handler of type [class org.springframework.web.servlet.resource.ResourceHttpRequestHandler]
2017-06-14 02:48:55 INFO  springframework.web.servlet.handler.SimpleUrlHandlerMapping:354 method: registerHandler - Mapped URL path [/**/favicon.ico] onto handler of type [class org.springframework.web.servlet.resource.ResourceHttpRequestHandler]
2017-06-14 02:48:55 INFO  springframework.jmx.export.annotation.AnnotationMBeanExporter:431 method: afterSingletonsInstantiated - Registering beans for JMX exposure on startup
2017-06-14 02:48:55 INFO  boot.context.embedded.tomcat.TomcatEmbeddedServletContainer:185 method: start - Tomcat started on port(s): 8080 (http)
2017-06-14 02:48:55 INFO  netcracker.wallpaperstock.ermolaxe.Application:57 method: logStarted - Started Application in 4.483 seconds (JVM running for 5.058)
2017-06-14 02:49:16 INFO  netcracker.wallpaperstock.ermolaxe.Application:48 method: logStarting - Starting Application on Hobbit-PC with PID 348 (D:\ermolaxe\IdeaProjects\homedev.spring\WallpaperStock\target\classes started by Александр in D:\ermolaxe\IdeaProjects\homedev.spring\WallpaperStock)
2017-06-14 02:49:16 INFO  netcracker.wallpaperstock.ermolaxe.Application:661 method: logStartupProfileInfo - No active profile set, falling back to default profiles: default
2017-06-14 02:49:16 INFO  springframework.boot.context.embedded.AnnotationConfigEmbeddedWebApplicationContext:582 method: prepareRefresh - Refreshing org.springframework.boot.context.embedded.AnnotationConfigEmbeddedWebApplicationContext@23986957: startup date [Wed Jun 14 02:49:16 GMT+04:00 2017]; root of context hierarchy
2017-06-14 02:49:17 INFO  hibernate.validator.internal.util.Version:30 method: <clinit> - HV000001: Hibernate Validator 5.2.4.Final
2017-06-14 02:49:22 INFO  netcracker.wallpaperstock.ermolaxe.Application:48 method: logStarting - Starting Application on Hobbit-PC with PID 1676 (D:\ermolaxe\IdeaProjects\homedev.spring\WallpaperStock\target\classes started by Александр in D:\ermolaxe\IdeaProjects\homedev.spring\WallpaperStock)
2017-06-14 02:49:22 INFO  netcracker.wallpaperstock.ermolaxe.Application:661 method: logStartupProfileInfo - No active profile set, falling back to default profiles: default
2017-06-14 02:49:22 INFO  springframework.boot.context.embedded.AnnotationConfigEmbeddedWebApplicationContext:582 method: prepareRefresh - Refreshing org.springframework.boot.context.embedded.AnnotationConfigEmbeddedWebApplicationContext@37313c65: startup date [Wed Jun 14 02:49:22 GMT+04:00 2017]; root of context hierarchy
2017-06-14 02:49:23 INFO  hibernate.validator.internal.util.Version:30 method: <clinit> - HV000001: Hibernate Validator 5.2.4.Final
2017-06-14 02:49:25 INFO  boot.context.embedded.tomcat.TomcatEmbeddedServletContainer:87 method: initialize - Tomcat initialized with port(s): 8080 (http)
2017-06-14 02:49:25 INFO  org.springframework.web.context.ContextLoader:276 method: prepareEmbeddedWebApplicationContext - Root WebApplicationContext: initialization completed in 3046 ms
2017-06-14 02:49:26 INFO  springframework.boot.web.servlet.ServletRegistrationBean:190 method: onStartup - Mapping servlet: 'dispatcherServlet' to [/]
2017-06-14 02:49:26 INFO  springframework.boot.web.servlet.FilterRegistrationBean:258 method: configure - Mapping filter: 'characterEncodingFilter' to: [/*]
2017-06-14 02:49:26 INFO  springframework.boot.web.servlet.FilterRegistrationBean:258 method: configure - Mapping filter: 'hiddenHttpMethodFilter' to: [/*]
2017-06-14 02:49:26 INFO  springframework.boot.web.servlet.FilterRegistrationBean:258 method: configure - Mapping filter: 'httpPutFormContentFilter' to: [/*]
2017-06-14 02:49:26 INFO  springframework.boot.web.servlet.FilterRegistrationBean:258 method: configure - Mapping filter: 'requestContextFilter' to: [/*]
2017-06-14 02:50:14 INFO  netcracker.wallpaperstock.ermolaxe.Application:48 method: logStarting - Starting Application on Hobbit-PC with PID 2720 (D:\ermolaxe\IdeaProjects\homedev.spring\WallpaperStock\target\classes started by Александр in D:\ermolaxe\IdeaProjects\homedev.spring\WallpaperStock)
2017-06-14 02:50:14 INFO  netcracker.wallpaperstock.ermolaxe.Application:661 method: logStartupProfileInfo - No active profile set, falling back to default profiles: default
2017-06-14 02:50:14 INFO  springframework.boot.context.embedded.AnnotationConfigEmbeddedWebApplicationContext:582 method: prepareRefresh - Refreshing org.springframework.boot.context.embedded.AnnotationConfigEmbeddedWebApplicationContext@23986957: startup date [Wed Jun 14 02:50:14 GMT+04:00 2017]; root of context hierarchy
2017-06-14 02:50:14 INFO  hibernate.validator.internal.util.Version:30 method: <clinit> - HV000001: Hibernate Validator 5.2.4.Final
2017-06-14 02:50:16 INFO  boot.context.embedded.tomcat.TomcatEmbeddedServletContainer:87 method: initialize - Tomcat initialized with port(s): 8080 (http)
2017-06-14 02:50:17 INFO  org.springframework.web.context.ContextLoader:276 method: prepareEmbeddedWebApplicationContext - Root WebApplicationContext: initialization completed in 2592 ms
2017-06-14 02:50:17 INFO  springframework.boot.web.servlet.ServletRegistrationBean:190 method: onStartup - Mapping servlet: 'dispatcherServlet' to [/]
2017-06-14 02:50:17 INFO  springframework.boot.web.servlet.FilterRegistrationBean:258 method: configure - Mapping filter: 'characterEncodingFilter' to: [/*]
2017-06-14 02:50:17 INFO  springframework.boot.web.servlet.FilterRegistrationBean:258 method: configure - Mapping filter: 'hiddenHttpMethodFilter' to: [/*]
2017-06-14 02:50:17 INFO  springframework.boot.web.servlet.FilterRegistrationBean:258 method: configure - Mapping filter: 'httpPutFormContentFilter' to: [/*]
2017-06-14 02:50:17 INFO  springframework.boot.web.servlet.FilterRegistrationBean:258 method: configure - Mapping filter: 'requestContextFilter' to: [/*]
2017-06-14 02:50:17 INFO  servlet.mvc.method.annotation.RequestMappingHandlerAdapter:534 method: initControllerAdviceCache - Looking for @ControllerAdvice: org.springframework.boot.context.embedded.AnnotationConfigEmbeddedWebApplicationContext@23986957: startup date [Wed Jun 14 02:50:14 GMT+04:00 2017]; root of context hierarchy
2017-06-14 02:50:17 INFO  servlet.mvc.method.annotation.RequestMappingHandlerMapping:543 method: register - Mapped "{[/unsplash],methods=[GET]}" onto public java.util.List<netcracker.wallpaperstock.ermolaxe.model.Image> netcracker.wallpaperstock.ermolaxe.controller.RestController.getUnsplashImage()
2017-06-14 02:50:17 INFO  servlet.mvc.method.annotation.RequestMappingHandlerMapping:543 method: register - Mapped "{[/pixabay],methods=[GET]}" onto public java.util.List<netcracker.wallpaperstock.ermolaxe.model.Image> netcracker.wallpaperstock.ermolaxe.controller.RestController.getPixabayImage()
2017-06-14 02:50:17 INFO  servlet.mvc.method.annotation.RequestMappingHandlerMapping:543 method: register - Mapped "{[/pixabay/findbytag],methods=[GET]}" onto public java.util.List<netcracker.wallpaperstock.ermolaxe.model.Image> netcracker.wallpaperstock.ermolaxe.controller.RestController.getPixabayImageByTag(java.lang.String)
2017-06-14 02:50:17 INFO  servlet.mvc.method.annotation.RequestMappingHandlerMapping:543 method: register - Mapped "{[/error]}" onto public org.springframework.http.ResponseEntity<java.util.Map<java.lang.String, java.lang.Object>> org.springframework.boot.autoconfigure.web.BasicErrorController.error(javax.servlet.http.HttpServletRequest)
2017-06-14 02:50:17 INFO  servlet.mvc.method.annotation.RequestMappingHandlerMapping:543 method: register - Mapped "{[/error],produces=[text/html]}" onto public org.springframework.web.servlet.ModelAndView org.springframework.boot.autoconfigure.web.BasicErrorController.errorHtml(javax.servlet.http.HttpServletRequest,javax.servlet.http.HttpServletResponse)
2017-06-14 02:50:17 INFO  springframework.web.servlet.handler.SimpleUrlHandlerMapping:354 method: registerHandler - Mapped URL path [/webjars/**] onto handler of type [class org.springframework.web.servlet.resource.ResourceHttpRequestHandler]
2017-06-14 02:50:17 INFO  springframework.web.servlet.handler.SimpleUrlHandlerMapping:354 method: registerHandler - Mapped URL path [/**] onto handler of type [class org.springframework.web.servlet.resource.ResourceHttpRequestHandler]
2017-06-14 02:50:17 INFO  springframework.web.servlet.handler.SimpleUrlHandlerMapping:354 method: registerHandler - Mapped URL path [/**/favicon.ico] onto handler of type [class org.springframework.web.servlet.resource.ResourceHttpRequestHandler]
2017-06-14 02:50:18 INFO  springframework.jmx.export.annotation.AnnotationMBeanExporter:431 method: afterSingletonsInstantiated - Registering beans for JMX exposure on startup
2017-06-14 02:50:18 INFO  boot.context.embedded.tomcat.TomcatEmbeddedServletContainer:185 method: start - Tomcat started on port(s): 8080 (http)
2017-06-14 02:50:18 INFO  netcracker.wallpaperstock.ermolaxe.Application:57 method: logStarted - Started Application in 4.596 seconds (JVM running for 5.072)
2017-06-14 02:50:35 INFO  org.springframework.web.servlet.DispatcherServlet:489 method: initServletBean - FrameworkServlet 'dispatcherServlet': initialization started
2017-06-14 02:50:35 INFO  org.springframework.web.servlet.DispatcherServlet:508 method: initServletBean - FrameworkServlet 'dispatcherServlet': initialization completed in 15 ms
2017-06-14 02:50:35 INFO  wallpaperstock.ermolaxe.service.impl.PixabayDaoImpl:76 method: getPhotoByTag - WallpaperStock: User requested a list of photos from Pixabay service with tag: travel
2017-06-14 02:50:36 ERROR wallpaperstock.ermolaxe.service.impl.PixabayDaoImpl:99 method: getPhotoByTag - WallpaperStock: Something went wrong! With message: [sun.security.validator.ValidatorException: PKIX path building failed: sun.security.provider.certpath.SunCertPathBuilderException: unable to find valid certification path to requested target] and stacktrace [[Ljava.lang.StackTraceElement;@40b97739]
